2020-12-28 14:26:12,816 [INFO] {'__module__': 'src.config', 'MAX_LEN': 128, 'OVERLAP': 126, 'TRAIN_BATCH_SIZE': 64, 'DEV_BATCH_SIZE': 64, 'GPU_DEVICE': 'cuda:3', 'FREEZE_EPOCHS': 20, 'FREEZE_LEARNING_RATE': 0.0001, 'UNFREEZE_EPOCHS': 20, 'UNFROZEN_LAYERS': 6, 'UNFREEZE_LEARNING_RATE': 1e-05, 'BASE_MODEL_PATH': 'distilbert-base-uncased', 'DATA_DIR': '/home/nxingyu/project/data/', 'TRAIN_DATASET': '/home/nxingyu/project/data/ted_talks_processed.dev.pt', 'DEV_DATASET': '/home/nxingyu/project/data/ted_talks_processed.dev.pt', 'ALPHA': 0.8, 'hidden_dropout_prob': 0.3, 'EMBEDDING_DIM': 768, 'HIDDEN_DIM': 128, 'SELF_ADJUSTING': True, 'SQUARE_DENOMINATOR': False, 'USE_LSTM': False, 'USE_CRF': False, 'MODEL_NAME': 'bertcrf', 'MODEL_PATH': '/home/nxingyu/project/logs/models/', 'TOKENIZER': PreTrainedTokenizerFast(name_or_path='distilbert-base-uncased', vocab_size=30522, model_max_len=512, is_fast=True, padding_side='right', special_tokens={'unk_token': '[UNK]', 'sep_token': '[SEP]', 'pad_token': '[PAD]', 'cls_token': '[CLS]', 'mask_token': '[MASK]'}), '__dict__': <attribute '__dict__' of 'config' objects>, '__weakref__': <attribute '__weakref__' of 'config' objects>, '__doc__': None}
2020-12-28 14:26:12,844 [INFO] b'27c6694\n'
2020-12-28 14:26:12,844 [WARNING] 2020-12-28 14:26
2020-12-28 14:26:12,844 [INFO] cuda available: True
2020-12-28 14:26:12,845 [INFO] using device: cuda:3
2020-12-28 14:26:17,176 [INFO] load model
2020-12-28 14:27:28,904 [INFO] Train Loss = 0.9404298292090562 Valid Loss = 0.9350837465153624
2020-12-28 14:28:39,038 [INFO] Train Loss = 0.9357182900637191 Valid Loss = 0.9341007865817341
2020-12-28 14:29:50,825 [INFO] Train Loss = 0.9339684149287394 Valid Loss = 0.9332313683648773
2020-12-28 14:31:02,370 [INFO] Train Loss = 0.9323054374448511 Valid Loss = 0.9323742042314138
2020-12-28 14:32:14,379 [INFO] Train Loss = 0.930558619120263 Valid Loss = 0.931489984720748
2020-12-28 14:33:26,330 [INFO] Train Loss = 0.9292179211875461 Valid Loss = 0.9305976968727364
2020-12-28 14:34:38,746 [INFO] Train Loss = 0.9285044488527917 Valid Loss = 0.9297638263133977
2020-12-28 14:35:50,612 [INFO] Train Loss = 0.9279709959661724 Valid Loss = 0.929036958328146
2020-12-28 14:37:02,518 [INFO] Train Loss = 0.9276901783532654 Valid Loss = 0.9284023563593429
2020-12-28 14:38:14,284 [INFO] Train Loss = 0.9274765162278484 Valid Loss = 0.9278706714806967
2020-12-28 14:39:25,918 [INFO] Train Loss = 0.9271985252961418 Valid Loss = 0.9274210120668475
2020-12-28 14:40:37,564 [INFO] Train Loss = 0.9269783769222285 Valid Loss = 0.9270418227113635
2020-12-28 14:41:48,993 [INFO] Train Loss = 0.9268725545990546 Valid Loss = 0.9267128121773929
2020-12-28 14:43:00,313 [INFO] Train Loss = 0.9267413489865941 Valid Loss = 0.9264350399276279
2020-12-28 14:44:11,855 [INFO] Train Loss = 0.9266168715938038 Valid Loss = 0.926191764556809
2020-12-28 14:45:23,251 [INFO] Train Loss = 0.926579698426834 Valid Loss = 0.9259794311018179
2020-12-28 14:46:34,848 [INFO] Train Loss = 0.9264837037648587 Valid Loss = 0.92579327079634
2020-12-28 14:47:46,251 [INFO] Train Loss = 0.9263715088762194 Valid Loss = 0.9256292230246083
2020-12-28 14:48:57,567 [INFO] Train Loss = 0.9264040885382141 Valid Loss = 0.9254842688705748
2020-12-28 14:50:08,817 [INFO] Train Loss = 0.926242122981722 Valid Loss = 0.9253562858562596
2020-12-28 14:51:21,833 [INFO] Train Loss = 0.9254403994572873 Valid Loss = 0.921158692299925
2020-12-28 14:52:34,277 [INFO] Train Loss = 0.9235812946660629 Valid Loss = 0.9201454599172074
2020-12-28 14:53:47,637 [INFO] Train Loss = 0.9225121440476929 Valid Loss = 0.9194998200366039
2020-12-28 14:55:00,807 [INFO] Train Loss = 0.921444078549644 Valid Loss = 0.9191719925166756
2020-12-28 14:56:13,950 [INFO] Train Loss = 0.9211757183074951 Valid Loss = 0.9188775803079668
2020-12-28 14:57:27,137 [INFO] Train Loss = 0.9206230707515944 Valid Loss = 0.9187952840565056
2020-12-28 14:58:40,395 [INFO] Train Loss = 0.9205101519230975 Valid Loss = 0.9186591052061674
2020-12-28 14:59:53,738 [INFO] Train Loss = 0.9201438770388926 Valid Loss = 0.9186055364198242
2020-12-28 15:01:07,019 [INFO] Train Loss = 0.9196528330543973 Valid Loss = 0.9184166421953416
2020-12-28 15:02:20,164 [INFO] Train Loss = 0.9192598205528512 Valid Loss = 0.9182791204641987
2020-12-28 15:03:33,586 [INFO] Train Loss = 0.9191663352069476 Valid Loss = 0.9181626352253339
2020-12-28 15:04:46,680 [INFO] Train Loss = 0.9188588916860669 Valid Loss = 0.9180236521935621
2020-12-28 15:05:59,666 [INFO] Train Loss = 0.9189696004059141 Valid Loss = 0.9179183852593631
2020-12-28 15:07:12,660 [INFO] Train Loss = 0.9187904521329513 Valid Loss = 0.917799547413327
2020-12-28 15:08:25,378 [INFO] Train Loss = 0.9186293052521762 Valid Loss = 0.9176703679640561
2020-12-28 15:09:38,050 [INFO] Train Loss = 0.9185047954913007 Valid Loss = 0.9175533881250596
2020-12-28 15:10:50,721 [INFO] Train Loss = 0.918280922419188 Valid Loss = 0.9174447450416767
2020-12-28 15:12:03,688 [INFO] Train Loss = 0.9184174363976283 Valid Loss = 0.917344666869435
2020-12-28 15:13:16,485 [INFO] Train Loss = 0.9183470006810118 Valid Loss = 0.9172608035289689
2020-12-28 15:14:29,511 [INFO] Train Loss = 0.91822604667272 Valid Loss = 0.917170834857107
