2020-12-24 11:17:30,103 [INFO] {'__module__': 'src.config', 'MAX_LEN': 128, 'OVERLAP': 126, 'TRAIN_BATCH_SIZE': 64, 'DEV_BATCH_SIZE': 64, 'GPU_DEVICE': 'cuda:0', 'FREEZE_EPOCHS': 10, 'FREEZE_LEARNING_RATE': 5e-05, 'UNFREEZE_EPOCHS': 10, 'UNFROZEN_LAYERS': 6, 'UNFREEZE_LEARNING_RATE': 8e-06, 'BASE_MODEL_PATH': 'distilbert-base-uncased', 'DATA_DIR': '/home/nxingyu/project/data/', 'TRAIN_DATASET': '/home/nxingyu/project/data/ted_talks_processed.dev.pt', 'DEV_DATASET': '/home/nxingyu/project/data/ted_talks_processed.dev.pt', 'ALPHA': 0.8, 'hidden_dropout_prob': 0.3, 'EMBEDDING_DIM': 768, 'HIDDEN_DIM': 128, 'SELF_ADJUSTING': True, 'SQUARE_DENOMINATOR': True, 'USE_LSTM': True, 'USE_CRF': False, 'MODEL_NAME': 'bertcrf', 'MODEL_PATH': '/home/nxingyu/project/logs/models/', 'TOKENIZER': PreTrainedTokenizerFast(name_or_path='distilbert-base-uncased', vocab_size=30522, model_max_len=512, is_fast=True, padding_side='right', special_tokens={'unk_token': '[UNK]', 'sep_token': '[SEP]', 'pad_token': '[PAD]', 'cls_token': '[CLS]', 'mask_token': '[MASK]'}), '__dict__': <attribute '__dict__' of 'config' objects>, '__weakref__': <attribute '__weakref__' of 'config' objects>, '__doc__': None}
2020-12-24 11:17:30,127 [INFO] b'5ce53b3\n'
2020-12-24 11:17:30,128 [WARNING] 2020-12-24 11:17
2020-12-24 11:17:30,128 [INFO] cuda available: True
2020-12-24 11:17:30,128 [INFO] using device: cuda:0
2020-12-24 11:17:32,555 [INFO] load model
2020-12-24 11:21:00,698 [INFO] Train Loss = 0.8949953681892819 Valid Loss = 0.8843326384973045
2020-12-24 11:24:25,932 [INFO] Train Loss = 0.8829174905714362 Valid Loss = 0.8827936589115798
2020-12-24 11:27:53,138 [INFO] Train Loss = 0.8813021634564255 Valid Loss = 0.8816366322112806
2020-12-24 11:31:20,697 [INFO] Train Loss = 0.8802081734845133 Valid Loss = 0.8806945181856252
2020-12-24 11:34:48,441 [INFO] Train Loss = 0.879324592123128 Valid Loss = 0.879925546321002
2020-12-24 11:38:16,198 [INFO] Train Loss = 0.8786975036967885 Valid Loss = 0.8792883248040171
2020-12-24 11:41:43,890 [INFO] Train Loss = 0.8781946262325904 Valid Loss = 0.8787561618920529
2020-12-24 11:45:11,627 [INFO] Train Loss = 0.8778691327933109 Valid Loss = 0.878310869137446
2020-12-24 11:48:39,320 [INFO] Train Loss = 0.8775575206135259 Valid Loss = 0.8779435567181519
2020-12-24 11:52:06,945 [INFO] Train Loss = 0.8774405714839396 Valid Loss = 0.8776470118700855
2020-12-24 11:55:40,413 [INFO] Train Loss = 0.875771438232576 Valid Loss = 0.870239098565747
2020-12-24 11:59:13,475 [INFO] Train Loss = 0.8725508231707294 Valid Loss = 0.8688353164629503
2020-12-24 12:02:46,480 [INFO] Train Loss = 0.8704665182816862 Valid Loss = 0.8679447204175622
2020-12-24 12:06:19,210 [INFO] Train Loss = 0.8692572255327244 Valid Loss = 0.8672962944314937
2020-12-24 12:09:52,307 [INFO] Train Loss = 0.8683063893607168 Valid Loss = 0.8667920860979292
2020-12-24 12:13:24,995 [INFO] Train Loss = 0.867674849852167 Valid Loss = 0.8663715822528107
2020-12-24 12:16:57,762 [INFO] Train Loss = 0.867223757686037 Valid Loss = 0.8660222141429631
2020-12-24 12:20:31,008 [INFO] Train Loss = 0.8668625098888321 Valid Loss = 0.8657386715363975
2020-12-24 12:24:03,768 [INFO] Train Loss = 0.8664985871074176 Valid Loss = 0.8655047377552649
2020-12-24 12:27:36,857 [INFO] Train Loss = 0.8663940119622934 Valid Loss = 0.865323009816083
