[INFO] - Global seed set to 42
[INFO] - GPU available: True, used: True
[INFO] - TPU available: None, using: 0 TPU cores
[INFO] - LOCAL_RANK: 0 - CUDA_VISIBLE_DEVICES: [1]
[INFO] - Using native 16bit precision.
[INFO] - shuffling train set
[INFO] - Global seed set to 42
[INFO] - initializing ddp: GLOBAL_RANK: 0, MEMBER: 1/1
[INFO] - Optimizer config = AdamW (
Parameter Group 0
    amsgrad: False
    betas: (0.9, 0.999)
    eps: 1e-08
    lr: 0.01
    weight_decay: 0.0
)
[INFO] - Scheduler "<core.optim.lr_scheduler.CosineAnnealing object at 0x7efd596c7d90>" 
will be used during training (effective maximum steps = 256) - 
Parameters : 
(warmup_steps: null
warmup_ratio: 0.1
min_lr: 1.0e-08
last_epoch: -1
max_steps: 256
)
[INFO] - 
  | Name                       | Type                 | Params
--------------------------------------------------------------------
0 | transformer                | ElectraModel         | 108 M 
1 | punct_classifier           | TokenClassifier      | 3.8 K 
2 | domain_classifier          | TokenClassifier      | 1.5 K 
3 | punctuation_loss           | LinearChainCRF       | 35    
4 | domain_loss                | CrossEntropyLoss     | 0     
5 | agg_loss                   | AggregatorLoss       | 0     
6 | punct_class_report         | ClassificationReport | 0     
7 | chunked_punct_class_report | ClassificationReport | 0     
8 | domain_class_report        | ClassificationReport | 0     
--------------------------------------------------------------------
5.4 K     Trainable params
108 M     Non-trainable params
108 M     Total params
[INFO] - Punctuation report: 
label                                                precision    recall       f1           support   
 (label_id: 0)                                          61.17       0.72       1.43     170123
# (label_id: 1)                                          5.42       0.08       0.16      24186
, (label_id: 2)                                          6.49      88.44      12.09      15003
. (label_id: 3)                                          1.96       0.02       0.03      18700
? (label_id: 4)                                          0.89       7.10       1.58       2984
-------------------
micro avg                                                6.38       6.38       6.38     230996
macro avg                                               15.18      19.27       3.06     230996
weighted avg                                            46.21       6.38       1.87     230996

-------------------
                       #           ,           .           ?
     1227.00       128.00       175.00       398.00        78.00
      172.00        20.00        45.00       112.00        20.00
   152299.00     19743.00     13269.00     16588.00      2672.00
      127.00        17.00         4.00         3.00         2.00
    16298.00      4278.00      1510.00      1599.00       212.00
-------------------

[INFO] - Domain report: 
label                                                precision    recall       f1           support   
0 (label_id: 0)                                         50.42      85.93      63.55     114327
1 (label_id: 1)                                         55.52      17.21      26.27     116669
-------------------
micro avg                                               51.22      51.22      51.22     230996
macro avg                                               52.97      51.57      44.91     230996
weighted avg                                            53.00      51.22      44.72     230996

-------------------
           0           1
    98243.00     96595.00
    16084.00     20074.00
-------------------

