commit hash: 49f437be4dc897ae49942253feec6e44513b972e
diff --git a/Punctuation_with_Domain_discriminator/2021-02-17_11-49-25/events.out.tfevents.1613533775.intern-instance.25711.0 b/Punctuation_with_Domain_discriminator/2021-02-17_11-49-25/events.out.tfevents.1613533775.intern-instance.25711.0
index 72a6b47..5665c36 100644
Binary files a/Punctuation_with_Domain_discriminator/2021-02-17_11-49-25/events.out.tfevents.1613533775.intern-instance.25711.0 and b/Punctuation_with_Domain_discriminator/2021-02-17_11-49-25/events.out.tfevents.1613533775.intern-instance.25711.0 differ
diff --git a/Punctuation_with_Domain_discriminator/2021-02-17_11-49-25/hparams.yaml b/Punctuation_with_Domain_discriminator/2021-02-17_11-49-25/hparams.yaml
index 8780f5e..80b2cf4 100644
--- a/Punctuation_with_Domain_discriminator/2021-02-17_11-49-25/hparams.yaml
+++ b/Punctuation_with_Domain_discriminator/2021-02-17_11-49-25/hparams.yaml
@@ -40,6 +40,7 @@ model:
     …: .
     ;: .
   no_space_label: '#'
+  test_chunk_percent: 0.5
   punct_class_weights: false
   dataset:
     data_dir: /home/nxingyu2/data
@@ -54,7 +55,7 @@ model:
     num_workers: 4
     pin_memory: false
     drop_last: true
-    num_labels: 11
+    num_labels: 9
     num_domains: 1
     test_unlabelled: true
     attach_label_to_end: none
diff --git a/Punctuation_with_Domain_discriminator/2021-02-17_11-49-25/lightning_logs.txt b/Punctuation_with_Domain_discriminator/2021-02-17_11-49-25/lightning_logs.txt
index 6942473..8ca803c 100644
--- a/Punctuation_with_Domain_discriminator/2021-02-17_11-49-25/lightning_logs.txt
+++ b/Punctuation_with_Domain_discriminator/2021-02-17_11-49-25/lightning_logs.txt
@@ -56,3 +56,48 @@ Epoch 1, global step 1682: val_loss reached 0.19387 (best 0.19241), saving model
 Epoch 2, step 1781: val_loss was not in top 3
 Epoch 3, step 1880: val_loss was not in top 3
 Epoch 4, step 1979: val_loss was not in top 3
+Epoch 5, step 2078: val_loss was not in top 3
+Epoch 6, step 2177: val_loss was not in top 3
+Epoch 7, step 2276: val_loss was not in top 3
+Epoch 8, step 2375: val_loss was not in top 3
+Epoch 9, step 2474: val_loss was not in top 3
+Epoch 10, step 2573: val_loss was not in top 3
+Epoch 11, step 2672: val_loss was not in top 3
+Epoch 12, step 2771: val_loss was not in top 3
+Epoch 13, step 2870: val_loss was not in top 3
+Epoch 14, step 2969: val_loss was not in top 3
+
+  | Name                | Type                 | Params
+-------------------------------------------------------------
+0 | transformer         | ElectraModel         | 108 M 
+1 | punct_classifier    | TokenClassifier      | 1.2 M 
+2 | domain_classifier   | SequenceClassifier   | 1.5 K 
+3 | punctuation_loss    | FocalDiceLoss        | 0     
+4 | bilstm              | LSTM                 | 7.1 M 
+5 | domain_loss         | CrossEntropyLoss     | 0     
+6 | agg_loss            | AggregatorLoss       | 0     
+7 | punct_class_report  | ClassificationReport | 0     
+8 | domain_class_report | ClassificationReport | 0     
+-------------------------------------------------------------
+22.5 M    Trainable params
+94.7 M    Non-trainable params
+117 M     Total params
+Epoch 0, step 3068: val_loss was not in top 3
+Epoch 1, step 3167: val_loss was not in top 3
+Epoch 2, step 3266: val_loss was not in top 3
+Epoch 3, step 3365: val_loss was not in top 3
+Epoch 4, step 3464: val_loss was not in top 3
+Epoch 5, step 3563: val_loss was not in top 3
+Epoch 6, step 3662: val_loss was not in top 3
+Epoch 7, step 3761: val_loss was not in top 3
+Epoch 8, step 3860: val_loss was not in top 3
+Epoch 9, step 3959: val_loss was not in top 3
+Epoch 10, step 4058: val_loss was not in top 3
+Epoch 11, step 4157: val_loss was not in top 3
+Epoch 12, step 4256: val_loss was not in top 3
+Epoch 13, step 4355: val_loss was not in top 3
+Epoch 14, step 4454: val_loss was not in top 3
+GPU available: True, used: True
+TPU available: None, using: 0 TPU cores
+Using environment variable NODE_RANK for node rank (0).
+LOCAL_RANK: 0 - CUDA_VISIBLE_DEVICES: [1]
diff --git a/Punctuation_with_Domain_discriminator/2021-02-17_11-49-25/nemo_error_log.txt b/Punctuation_with_Domain_discriminator/2021-02-17_11-49-25/nemo_error_log.txt
index 01b5cea..950d6a0 100644
--- a/Punctuation_with_Domain_discriminator/2021-02-17_11-49-25/nemo_error_log.txt
+++ b/Punctuation_with_Domain_discriminator/2021-02-17_11-49-25/nemo_error_log.txt
@@ -8,3 +8,6 @@
 [NeMo W 2021-02-17 11:50:55 nemo_logging:349] /home/nxingyu2/miniconda3/envs/NLP/lib/python3.8/site-packages/torch/utils/data/dataloader.py:447: UserWarning: Length of IterableDataset <data.punctuation_dataset_multi.PunctuationDomainDatasets object at 0x7f83b091f3d0> was reported to be 12 (when accessing len(dataloader)), but 13 samples have been fetched. For multiprocessing data-loading, this could be caused by not properly configuring the IterableDataset replica at each worker. Please see https://pytorch.org/docs/stable/data.html#torch.utils.data.IterableDataset for examples.
       warnings.warn(warn_msg)
     
+[NeMo W 2021-02-17 13:03:56 nemo_logging:349] /home/nxingyu2/miniconda3/envs/NLP/lib/python3.8/site-packages/torch/utils/data/dataloader.py:447: UserWarning: Length of IterableDataset <data.punctuation_dataset_multi.PunctuationDomainDatasets object at 0x7f83b0974a90> was reported to be 12 (when accessing len(dataloader)), but 13 samples have been fetched. For multiprocessing data-loading, this could be caused by not properly configuring the IterableDataset replica at each worker. Please see https://pytorch.org/docs/stable/data.html#torch.utils.data.IterableDataset for examples.
+      warnings.warn(warn_msg)
+    
diff --git a/Punctuation_with_Domain_discriminator/2021-02-17_11-49-25/nemo_log_globalrank-0_localrank-0.txt b/Punctuation_with_Domain_discriminator/2021-02-17_11-49-25/nemo_log_globalrank-0_localrank-0.txt
index 76321e4..2cf0e0c 100644
--- a/Punctuation_with_Domain_discriminator/2021-02-17_11-49-25/nemo_log_globalrank-0_localrank-0.txt
+++ b/Punctuation_with_Domain_discriminator/2021-02-17_11-49-25/nemo_log_globalrank-0_localrank-0.txt
@@ -10,3 +10,6 @@
 [NeMo W 2021-02-17 11:50:55 nemo_logging:349] /home/nxingyu2/miniconda3/envs/NLP/lib/python3.8/site-packages/torch/utils/data/dataloader.py:447: UserWarning: Length of IterableDataset <data.punctuation_dataset_multi.PunctuationDomainDatasets object at 0x7f83b091f3d0> was reported to be 12 (when accessing len(dataloader)), but 13 samples have been fetched. For multiprocessing data-loading, this could be caused by not properly configuring the IterableDataset replica at each worker. Please see https://pytorch.org/docs/stable/data.html#torch.utils.data.IterableDataset for examples.
       warnings.warn(warn_msg)
     
+[NeMo W 2021-02-17 13:03:56 nemo_logging:349] /home/nxingyu2/miniconda3/envs/NLP/lib/python3.8/site-packages/torch/utils/data/dataloader.py:447: UserWarning: Length of IterableDataset <data.punctuation_dataset_multi.PunctuationDomainDatasets object at 0x7f83b0974a90> was reported to be 12 (when accessing len(dataloader)), but 13 samples have been fetched. For multiprocessing data-loading, this could be caused by not properly configuring the IterableDataset replica at each worker. Please see https://pytorch.org/docs/stable/data.html#torch.utils.data.IterableDataset for examples.
+      warnings.warn(warn_msg)
+    
diff --git a/Punctuation_with_Domain_discriminator/2021-02-17_12-17-21/events.out.tfevents.1613535472.intern-instance.5941.0 b/Punctuation_with_Domain_discriminator/2021-02-17_12-17-21/events.out.tfevents.1613535472.intern-instance.5941.0
index 9b6538f..d8bcc12 100644
Binary files a/Punctuation_with_Domain_discriminator/2021-02-17_12-17-21/events.out.tfevents.1613535472.intern-instance.5941.0 and b/Punctuation_with_Domain_discriminator/2021-02-17_12-17-21/events.out.tfevents.1613535472.intern-instance.5941.0 differ
diff --git a/Punctuation_with_Domain_discriminator/2021-02-17_12-17-21/lightning_logs.txt b/Punctuation_with_Domain_discriminator/2021-02-17_12-17-21/lightning_logs.txt
index d56406b..0dd12c1 100644
--- a/Punctuation_with_Domain_discriminator/2021-02-17_12-17-21/lightning_logs.txt
+++ b/Punctuation_with_Domain_discriminator/2021-02-17_12-17-21/lightning_logs.txt
@@ -19,3 +19,6 @@ initializing ddp: GLOBAL_RANK: 0, MEMBER: 1/1
 7.7 M     Trainable params
 108 M     Non-trainable params
 116 M     Total params
+Epoch 0, global step 2626: val_loss reached 0.06840 (best 0.06840), saving model to "/home/nxingyu2/project/Punctuation_with_Domain_discriminator/2021-02-17_12-17-21/checkpoints/Punctuation_with_Domain_discriminator---val_loss=0.07-epoch=0.ckpt" as top 3
+Epoch 1, global step 5253: val_loss reached 0.01696 (best 0.01696), saving model to "/home/nxingyu2/project/Punctuation_with_Domain_discriminator/2021-02-17_12-17-21/checkpoints/Punctuation_with_Domain_discriminator---val_loss=0.02-epoch=1.ckpt" as top 3
+Epoch 2, global step 7880: val_loss reached 0.01890 (best 0.01696), saving model to "/home/nxingyu2/project/Punctuation_with_Domain_discriminator/2021-02-17_12-17-21/checkpoints/Punctuation_with_Domain_discriminator---val_loss=0.02-epoch=2.ckpt" as top 3
diff --git a/Punctuation_with_Domain_discriminator/2021-02-17_12-17-21/nemo_error_log.txt b/Punctuation_with_Domain_discriminator/2021-02-17_12-17-21/nemo_error_log.txt
index d8819de..0525aff 100644
--- a/Punctuation_with_Domain_discriminator/2021-02-17_12-17-21/nemo_error_log.txt
+++ b/Punctuation_with_Domain_discriminator/2021-02-17_12-17-21/nemo_error_log.txt
@@ -2,3 +2,9 @@
 [NeMo W 2021-02-17 12:17:52 nemo_logging:349] /home/nxingyu2/miniconda3/envs/NLP/lib/python3.8/site-packages/pytorch_lightning/utilities/distributed.py:49: UserWarning: Your `IterableDataset` has `__len__` defined. In combination with multi-processing data loading (e.g. batch size > 1), this can lead to unintended side effects since the samples will be duplicated.
       warnings.warn(*args, **kwargs)
     
+[NeMo W 2021-02-17 13:01:44 nemo_logging:349] /home/nxingyu2/miniconda3/envs/NLP/lib/python3.8/site-packages/torch/utils/data/dataloader.py:447: UserWarning: Length of IterableDataset <data.punctuation_dataset_multi.PunctuationDomainDatasets object at 0x7fc72c6c1850> was reported to be 2627 (when accessing len(dataloader)), but 2628 samples have been fetched. For multiprocessing data-loading, this could be caused by not properly configuring the IterableDataset replica at each worker. Please see https://pytorch.org/docs/stable/data.html#torch.utils.data.IterableDataset for examples.
+      warnings.warn(warn_msg)
+    
+[NeMo W 2021-02-17 13:06:36 nemo_logging:349] /home/nxingyu2/miniconda3/envs/NLP/lib/python3.8/site-packages/torch/utils/data/dataloader.py:447: UserWarning: Length of IterableDataset <data.punctuation_dataset_multi.PunctuationDomainDatasets object at 0x7fc770032130> was reported to be 328 (when accessing len(dataloader)), but 329 samples have been fetched. For multiprocessing data-loading, this could be caused by not properly configuring the IterableDataset replica at each worker. Please see https://pytorch.org/docs/stable/data.html#torch.utils.data.IterableDataset for examples.
+      warnings.warn(warn_msg)
+    
diff --git a/Punctuation_with_Domain_discriminator/2021-02-17_12-17-21/nemo_log_globalrank-0_localrank-0.txt b/Punctuation_with_Domain_discriminator/2021-02-17_12-17-21/nemo_log_globalrank-0_localrank-0.txt
index 8207f2f..6f30c53 100644
--- a/Punctuation_with_Domain_discriminator/2021-02-17_12-17-21/nemo_log_globalrank-0_localrank-0.txt
+++ b/Punctuation_with_Domain_discriminator/2021-02-17_12-17-21/nemo_log_globalrank-0_localrank-0.txt
@@ -4,3 +4,9 @@
 [NeMo W 2021-02-17 12:17:52 nemo_logging:349] /home/nxingyu2/miniconda3/envs/NLP/lib/python3.8/site-packages/pytorch_lightning/utilities/distributed.py:49: UserWarning: Your `IterableDataset` has `__len__` defined. In combination with multi-processing data loading (e.g. batch size > 1), this can lead to unintended side effects since the samples will be duplicated.
       warnings.warn(*args, **kwargs)
     
+[NeMo W 2021-02-17 13:01:44 nemo_logging:349] /home/nxingyu2/miniconda3/envs/NLP/lib/python3.8/site-packages/torch/utils/data/dataloader.py:447: UserWarning: Length of IterableDataset <data.punctuation_dataset_multi.PunctuationDomainDatasets object at 0x7fc72c6c1850> was reported to be 2627 (when accessing len(dataloader)), but 2628 samples have been fetched. For multiprocessing data-loading, this could be caused by not properly configuring the IterableDataset replica at each worker. Please see https://pytorch.org/docs/stable/data.html#torch.utils.data.IterableDataset for examples.
+      warnings.warn(warn_msg)
+    
+[NeMo W 2021-02-17 13:06:36 nemo_logging:349] /home/nxingyu2/miniconda3/envs/NLP/lib/python3.8/site-packages/torch/utils/data/dataloader.py:447: UserWarning: Length of IterableDataset <data.punctuation_dataset_multi.PunctuationDomainDatasets object at 0x7fc770032130> was reported to be 328 (when accessing len(dataloader)), but 329 samples have been fetched. For multiprocessing data-loading, this could be caused by not properly configuring the IterableDataset replica at each worker. Please see https://pytorch.org/docs/stable/data.html#torch.utils.data.IterableDataset for examples.
+      warnings.warn(warn_msg)
+    
diff --git a/experiment/config.yaml b/experiment/config.yaml
index 9006e36..8beced0 100644
--- a/experiment/config.yaml
+++ b/experiment/config.yaml
@@ -2,9 +2,9 @@ seed: 42
 trainer:
     gpus: 1 # the number of gpus, 0 for CPU
     num_nodes: 1
-    max_epochs: 15
+    max_epochs: 20
     max_steps: null # precedence over max_epochs
-    accumulate_grad_batches: 1 # accumulates grads every k batches
+    accumulate_grad_batches: 4 # accumulates grads every k batches
     gradient_clip_val: 0
     amp_level: O1 # O1/O2 for mixed precision
     precision: 16 # Should be set to 16 for O1 and O2, default is 16 as PT ignores it when am_level is O0
@@ -70,8 +70,8 @@ model:
     dataset:
         data_dir: /home/nxingyu2/data # /root/data # 
         labelled:
-            # - ${base_path}/ted_talks_processed #
-            - ${base_path}/open_subtitles_processed #  
+            - ${base_path}/ted_talks_processed #
+            # - ${base_path}/open_subtitles_processed #  
         unlabelled:
             # - ${base_path}/ted_talks_processed #
             # - ${base_path}/open_subtitles_processed #  
@@ -118,13 +118,13 @@ model:
         # unfrozen_layers: 1
     
     punct_head:
-        punct_num_fc_layers: 2
+        punct_num_fc_layers: 3
         fc_dropout: 0.1
         activation: 'gelu'
         log_softmax: false
         use_transformer_init: true
         loss: 'dice'
-        bilstm: true
+        bilstm: false
 
     domain_head:
         domain_num_fc_layers: 1
@@ -147,7 +147,7 @@ model:
 
     frozen_lr:
         - 2e-2
-        - 1e-4
+        - 5e-4
         - 5e-6
         - 5e-7
         - 1e-7
diff --git a/experiment/info.log b/experiment/info.log
index 688df06..104c5dd 100644
Binary files a/experiment/info.log and b/experiment/info.log differ
