commit hash: 2bf37cfe2f74fc66c334983c493aa7e0013ed7ce
diff --git a/experiment/config.yaml b/experiment/config.yaml
index b391e7f..3e8fef7 100644
--- a/experiment/config.yaml
+++ b/experiment/config.yaml
@@ -174,14 +174,7 @@ model:
         - 4e-1
         - 1e-4
         - 1e-5
-
-    gamma:
-        # - 1e-0
-        - 5e-1
-        - 4e-1
-        - 1e-4
-        - 1e-5
-
+        
     optim:
         name: adamw #novograd #adamw
         lr: 1e-2 #1e-3
diff --git a/experiment/info.log b/experiment/info.log
index 7e2780e..104c5dd 100644
--- a/experiment/info.log
+++ b/experiment/info.log
@@ -2,81 +2,3 @@
 [INFO] - TPU available: None, using: 0 TPU cores
 [INFO] - LOCAL_RANK: 0 - CUDA_VISIBLE_DEVICES: [0]
 [INFO] - Using native 16bit precision.
-[INFO] - shuffling train set
-[INFO] - initializing ddp: GLOBAL_RANK: 0, MEMBER: 1/1
-[INFO] - Optimizer config = AdamW (
-Parameter Group 0
-    amsgrad: False
-    betas: (0.9, 0.999)
-    eps: 1e-08
-    lr: 0.001
-    weight_decay: 0.0
-)
-[INFO] - Scheduler "<core.optim.lr_scheduler.CosineAnnealing object at 0x7f0ef0bd1ac0>" 
-will be used during training (effective maximum steps = 400) - 
-Parameters : 
-(warmup_steps: null
-warmup_ratio: 0.1
-min_lr: 1.0e-08
-last_epoch: -1
-max_steps: 400
-)
-[INFO] - 
-  | Name                       | Type                 | Params
---------------------------------------------------------------------
-0 | transformer                | ElectraModel         | 108 M 
-1 | punct_classifier           | TokenClassifier      | 1.2 M 
-2 | domain_classifier          | SequenceClassifier   | 1.5 K 
-3 | punctuation_loss           | FocalDiceLoss        | 0     
-4 | domain_loss                | CrossEntropyLoss     | 0     
-5 | agg_loss                   | AggregatorLoss       | 0     
-6 | punct_class_report         | ClassificationReport | 0     
-7 | chunked_punct_class_report | ClassificationReport | 0     
-8 | domain_class_report        | ClassificationReport | 0     
---------------------------------------------------------------------
-8.3 M     Trainable params
-101 M     Non-trainable params
-110 M     Total params
-[INFO] - Punctuation report: 
-label                                                precision    recall       f1           support   
- (label_id: 0)                                          80.16      44.64      57.35      14264
-! (label_id: 1)                                          0.00       0.00       0.00         14
-# (label_id: 2)                                          5.04      17.34       7.81       1292
-, (label_id: 3)                                          1.08       0.22       0.36        920
-- (label_id: 4)                                          0.49       1.79       0.77        112
-. (label_id: 5)                                          4.45       3.03       3.61        858
-: (label_id: 6)                                          0.09       9.09       0.18         22
-? (label_id: 7)                                          0.00       0.00       0.00         66
-… (label_id: 8)                                          0.00       0.00       0.00          4
--------------------
-micro avg                                               37.74      37.74      37.74      17552
-macro avg                                               10.15       8.46       7.79      17552
-weighted avg                                            65.79      37.74      47.38      17552
-
--------------------
-                       !           #           ,           -           .           :           ?           …
-     6368.00         6.00       622.00       442.00        58.00       412.00        12.00        24.00         0.00
-      664.00         0.00        54.00        50.00        16.00        60.00         2.00         6.00         0.00
-     3696.00         2.00       224.00       266.00        14.00       204.00         6.00        30.00         4.00
-      156.00         0.00        24.00         2.00         0.00         4.00         0.00         0.00         0.00
-      302.00         0.00        90.00         8.00         2.00         4.00         0.00         0.00         0.00
-      482.00         0.00        24.00        46.00         4.00        26.00         0.00         2.00         0.00
-     1888.00         6.00       114.00        90.00         8.00       132.00         2.00         4.00         0.00
-       20.00         0.00         6.00         0.00         0.00         0.00         0.00         0.00         0.00
-      688.00         0.00       134.00        16.00        10.00        16.00         0.00         0.00         0.00
--------------------
-
-[INFO] - Domain report: 
-label                                                precision    recall       f1           support   
-0 (label_id: 0)                                        100.00     100.00     100.00        154
--------------------
-micro avg                                              100.00     100.00     100.00        154
-macro avg                                              100.00     100.00     100.00        154
-weighted avg                                           100.00     100.00     100.00        154
-
--------------------
-           0
-      154.00
--------------------
-
-[INFO] - Internal process exited
