commit hash: c3e0c8d06d6c49891d066054f713b1fe9405d41f
diff --git a/experiment/config.yaml b/experiment/config.yaml
index 809477a..c5d2da0 100644
--- a/experiment/config.yaml
+++ b/experiment/config.yaml
@@ -127,12 +127,12 @@ model:
         # unfrozen_layers: 1
     
     punct_head:
-        punct_num_fc_layers: 3
+        punct_num_fc_layers: 0
         fc_dropout: 0.1
         activation: 'gelu'
         log_softmax: false
         use_transformer_init: true
-        loss: 'dice'
+        loss: 'crf'
         bilstm: false
 
     domain_head:
@@ -147,8 +147,8 @@ model:
         pooling: 'mean_max' # 'mean' mean_max
         idx_conditioned_on: 0
         weight:
-            - 0.8
-            - 0.2
+            - 0.6
+            - 0.4
 
 
     dice_loss:
diff --git a/experiment/info.log b/experiment/info.log
index 5fc3200..b3df31c 100644
--- a/experiment/info.log
+++ b/experiment/info.log
@@ -1,84 +1,5 @@
+[INFO] - Global seed set to 42
 [INFO] - GPU available: True, used: True
 [INFO] - TPU available: None, using: 0 TPU cores
 [INFO] - LOCAL_RANK: 0 - CUDA_VISIBLE_DEVICES: [0]
 [INFO] - Using native 16bit precision.
-[INFO] - shuffling train set
-[INFO] - initializing ddp: GLOBAL_RANK: 0, MEMBER: 1/1
-[INFO] - Optimizer config = AdamW (
-Parameter Group 0
-    amsgrad: False
-    betas: (0.9, 0.999)
-    eps: 1e-08
-    lr: 0.001
-    weight_decay: 0.0
-)
-[INFO] - Scheduler "<core.optim.lr_scheduler.CosineAnnealing object at 0x7f1f8ee04790>" 
-will be used during training (effective maximum steps = 400) - 
-Parameters : 
-(warmup_steps: null
-warmup_ratio: 0.1
-min_lr: 1.0e-08
-last_epoch: -1
-max_steps: 400
-)
-[INFO] - 
-  | Name                       | Type                 | Params
---------------------------------------------------------------------
-0 | transformer                | ElectraModel         | 108 M 
-1 | punct_classifier           | TokenClassifier      | 1.2 M 
-2 | domain_classifier          | SequenceClassifier   | 3.1 K 
-3 | punctuation_loss           | FocalDiceLoss        | 0     
-4 | domain_loss                | CrossEntropyLoss     | 0     
-5 | agg_loss                   | AggregatorLoss       | 0     
-6 | punct_class_report         | ClassificationReport | 0     
-7 | chunked_punct_class_report | ClassificationReport | 0     
-8 | domain_class_report        | ClassificationReport | 0     
---------------------------------------------------------------------
-8.3 M     Trainable params
-101 M     Non-trainable params
-110 M     Total params
-[INFO] - Punctuation report: 
-label                                                precision    recall       f1           support   
- (label_id: 0)                                          88.38      37.36      52.51      32611
-! (label_id: 1)                                          0.00       0.00       0.00         10
-# (label_id: 2)                                          1.95      16.57       3.49       1358
-, (label_id: 3)                                          1.59       0.40       0.64        997
-- (label_id: 4)                                          0.24       4.90       0.46        102
-. (label_id: 5)                                          4.48       4.72       4.60        932
-: (label_id: 6)                                          0.04      11.76       0.09         17
-? (label_id: 7)                                          0.00       0.00       0.00         71
-… (label_id: 8)                                          0.00       0.00       0.00          6
--------------------
-micro avg                                               34.52      34.52      34.52      36104
-macro avg                                               10.74       8.41       6.87      36104
-weighted avg                                            80.06      34.52      47.70      36104
-
--------------------
-                       !           #           ,           -           .           :           ?           …
-    12182.00         5.00       661.00       447.00        46.00       411.00         8.00        22.00         2.00
-     1145.00         0.00        52.00        48.00        10.00        65.00         1.00         6.00         0.00
-    10705.00         1.00       225.00       312.00        17.00       256.00         6.00        27.00         3.00
-      225.00         0.00        21.00         4.00         0.00         2.00         0.00         0.00         0.00
-     1914.00         0.00       114.00        15.00         5.00         4.00         0.00         1.00         0.00
-      874.00         0.00        20.00        37.00         3.00        44.00         0.00         3.00         1.00
-     4235.00         4.00       128.00       113.00        11.00       135.00         2.00        12.00         0.00
-      193.00         0.00         6.00         1.00         0.00         0.00         0.00         0.00         0.00
-     1138.00         0.00       131.00        20.00        10.00        15.00         0.00         0.00         0.00
--------------------
-
-[INFO] - Domain report: 
-label                                                precision    recall       f1           support   
-0 (label_id: 0)                                         50.65     100.00      67.24        156
-1 (label_id: 1)                                        100.00       2.56       5.00        156
--------------------
-micro avg                                               51.28      51.28      51.28        312
-macro avg                                               75.32      51.28      36.12        312
-weighted avg                                            75.32      51.28      36.12        312
-
--------------------
-           0           1
-      156.00       152.00
-        0.00         4.00
--------------------
-
-[INFO] - Internal process exited
