commit hash: 540fe2fe9682cb0d2ee24a738c5e5c4464082a2f
diff --git a/Punctuation_with_Domain_discriminator/2021-02-16_13-10-15/events.out.tfevents.1613452235.Titan.28818.0 b/Punctuation_with_Domain_discriminator/2021-02-16_13-10-15/events.out.tfevents.1613452235.Titan.28818.0
index cdb7965..d46610b 100644
Binary files a/Punctuation_with_Domain_discriminator/2021-02-16_13-10-15/events.out.tfevents.1613452235.Titan.28818.0 and b/Punctuation_with_Domain_discriminator/2021-02-16_13-10-15/events.out.tfevents.1613452235.Titan.28818.0 differ
diff --git a/Punctuation_with_Domain_discriminator/2021-02-16_13-11-12/events.out.tfevents.1613452288.Titan.28992.0 b/Punctuation_with_Domain_discriminator/2021-02-16_13-11-12/events.out.tfevents.1613452288.Titan.28992.0
index f90c29e..0f8af81 100644
Binary files a/Punctuation_with_Domain_discriminator/2021-02-16_13-11-12/events.out.tfevents.1613452288.Titan.28992.0 and b/Punctuation_with_Domain_discriminator/2021-02-16_13-11-12/events.out.tfevents.1613452288.Titan.28992.0 differ
diff --git a/Punctuation_with_Domain_discriminator/2021-02-16_13-11-12/lightning_logs.txt b/Punctuation_with_Domain_discriminator/2021-02-16_13-11-12/lightning_logs.txt
index dd0e1a5..5402618 100644
--- a/Punctuation_with_Domain_discriminator/2021-02-16_13-11-12/lightning_logs.txt
+++ b/Punctuation_with_Domain_discriminator/2021-02-16_13-11-12/lightning_logs.txt
@@ -56,3 +56,7 @@ Global seed set to 42
 115 M     Total params
 Epoch 0, global step 799: val_loss reached 0.36074 (best 0.35017), saving model to "/home/nxingyu/project/Punctuation_with_Domain_discriminator/2021-02-16_13-11-12/checkpoints/Punctuation_with_Domain_discriminator---val_loss=0.36-epoch=0.ckpt" as top 3
 Epoch 1, step 849: val_loss was not in top 3
+GPU available: True, used: True
+TPU available: None, using: 0 TPU cores
+Using environment variable NODE_RANK for node rank (0).
+LOCAL_RANK: 0 - CUDA_VISIBLE_DEVICES: [1]
diff --git a/Punctuation_with_Domain_discriminator/2021-02-16_13-11-12/nemo_error_log.txt b/Punctuation_with_Domain_discriminator/2021-02-16_13-11-12/nemo_error_log.txt
index 19639a7..58527a2 100644
--- a/Punctuation_with_Domain_discriminator/2021-02-16_13-11-12/nemo_error_log.txt
+++ b/Punctuation_with_Domain_discriminator/2021-02-16_13-11-12/nemo_error_log.txt
@@ -11,3 +11,9 @@
 [NeMo W 2021-02-16 13:40:08 nemo_logging:349] /home/nxingyu/miniconda3/envs/NLP/lib/python3.8/site-packages/torch/optim/lr_scheduler.py:131: UserWarning: Detected call of `lr_scheduler.step()` before `optimizer.step()`. In PyTorch 1.1.0 and later, you should call them in the opposite order: `optimizer.step()` before `lr_scheduler.step()`.  Failure to do this will result in PyTorch skipping the first value of the learning rate schedule. See more details at https://pytorch.org/docs/stable/optim.html#how-to-adjust-learning-rate
       warnings.warn("Detected call of `lr_scheduler.step()` before `optimizer.step()`. "
     
+[NeMo W 2021-02-16 13:45:25 nemo_logging:349] /home/nxingyu/miniconda3/envs/NLP/lib/python3.8/site-packages/pytorch_lightning/utilities/distributed.py:50: UserWarning: Detected KeyboardInterrupt, attempting graceful shutdown...
+      warnings.warn(*args, **kwargs)
+    
+[NeMo W 2021-02-16 13:45:37 nemo_logging:349] /home/nxingyu/miniconda3/envs/NLP/lib/python3.8/site-packages/torch/utils/data/dataloader.py:447: UserWarning: Length of IterableDataset <data.punctuation_dataset_multi.PunctuationDomainDatasets object at 0x7fb810090fd0> was reported to be 12 (when accessing len(dataloader)), but 13 samples have been fetched. For multiprocessing data-loading, this could be caused by not properly configuring the IterableDataset replica at each worker. Please see https://pytorch.org/docs/stable/data.html#torch.utils.data.IterableDataset for examples.
+      warnings.warn(warn_msg)
+    
diff --git a/Punctuation_with_Domain_discriminator/2021-02-16_13-11-12/nemo_log_globalrank-0_localrank-0.txt b/Punctuation_with_Domain_discriminator/2021-02-16_13-11-12/nemo_log_globalrank-0_localrank-0.txt
index 009a860..cec7ade 100644
--- a/Punctuation_with_Domain_discriminator/2021-02-16_13-11-12/nemo_log_globalrank-0_localrank-0.txt
+++ b/Punctuation_with_Domain_discriminator/2021-02-16_13-11-12/nemo_log_globalrank-0_localrank-0.txt
@@ -13,3 +13,9 @@
 [NeMo W 2021-02-16 13:40:08 nemo_logging:349] /home/nxingyu/miniconda3/envs/NLP/lib/python3.8/site-packages/torch/optim/lr_scheduler.py:131: UserWarning: Detected call of `lr_scheduler.step()` before `optimizer.step()`. In PyTorch 1.1.0 and later, you should call them in the opposite order: `optimizer.step()` before `lr_scheduler.step()`.  Failure to do this will result in PyTorch skipping the first value of the learning rate schedule. See more details at https://pytorch.org/docs/stable/optim.html#how-to-adjust-learning-rate
       warnings.warn("Detected call of `lr_scheduler.step()` before `optimizer.step()`. "
     
+[NeMo W 2021-02-16 13:45:25 nemo_logging:349] /home/nxingyu/miniconda3/envs/NLP/lib/python3.8/site-packages/pytorch_lightning/utilities/distributed.py:50: UserWarning: Detected KeyboardInterrupt, attempting graceful shutdown...
+      warnings.warn(*args, **kwargs)
+    
+[NeMo W 2021-02-16 13:45:37 nemo_logging:349] /home/nxingyu/miniconda3/envs/NLP/lib/python3.8/site-packages/torch/utils/data/dataloader.py:447: UserWarning: Length of IterableDataset <data.punctuation_dataset_multi.PunctuationDomainDatasets object at 0x7fb810090fd0> was reported to be 12 (when accessing len(dataloader)), but 13 samples have been fetched. For multiprocessing data-loading, this could be caused by not properly configuring the IterableDataset replica at each worker. Please see https://pytorch.org/docs/stable/data.html#torch.utils.data.IterableDataset for examples.
+      warnings.warn(warn_msg)
+    
diff --git a/experiment/config.yaml b/experiment/config.yaml
index f355fd6..04ce86e 100644
--- a/experiment/config.yaml
+++ b/experiment/config.yaml
@@ -110,7 +110,7 @@ model:
         # unfrozen_layers: 1
     
     punct_head:
-        punct_num_fc_layers: 3
+        punct_num_fc_layers: 4
         fc_dropout: 0.1
         activation: 'gelu'
         log_softmax: false
diff --git a/experiment/info.log b/experiment/info.log
index 9d50d24..e69de29 100644
--- a/experiment/info.log
+++ b/experiment/info.log
@@ -1,872 +0,0 @@
-[INFO] - shuffling train set
-[INFO] - Optimizer config = AdamW (
-Parameter Group 0
-    amsgrad: False
-    betas: (0.9, 0.999)
-    eps: 1e-08
-    lr: 0.01
-    weight_decay: 0.0
-)
-[INFO] - Scheduler "<core.optim.lr_scheduler.WarmupAnnealing object at 0x7fb818b2a3d0>" 
-will be used during training (effective maximum steps = 750) - 
-Parameters : 
-(warmup_steps: null
-warmup_ratio: 0.1
-min_lr: 1.0e-08
-last_epoch: -1
-max_steps: 750
-)
-[INFO] - Punctuation report: 
-label                                                precision    recall       f1           support   
- (label_id: 0)                                           0.00       0.00       0.00      38870
-! (label_id: 1)                                          0.00       0.00       0.00         18
-, (label_id: 2)                                          2.75       1.13       1.60       2476
-- (label_id: 3)                                          0.00       0.00       0.00        258
-. (label_id: 4)                                          0.00       0.00       0.00       2242
-: (label_id: 5)                                          0.00       0.00       0.00         46
-; (label_id: 6)                                          0.00       0.00       0.00         16
-? (label_id: 7)                                          0.13       2.41       0.25        166
-— (label_id: 8)                                          0.34      94.44       0.68        144
-… (label_id: 9)                                          0.00       0.00       0.00         14
--------------------
-micro avg                                                0.38       0.38       0.38      44250
-macro avg                                                0.32       9.80       0.25      44250
-weighted avg                                             0.16       0.38       0.09      44250
-
--------------------
- 0.00  0.00  0.00  0.00  2.00  0.00  0.00  2.00  0.00  0.00
-68.00  0.00  4.00  0.00  8.00  0.00  0.00  2.00  0.00  0.00
-946.00  0.00 28.00  6.00 40.00  0.00  0.00  0.00  0.00  0.00
- 0.00  0.00  0.00  0.00  0.00  0.00  0.00  0.00  0.00  0.00
-42.00  0.00  2.00  4.00  0.00  2.00  0.00  0.00  0.00  0.00
- 0.00  0.00  0.00  0.00  0.00  0.00  0.00  0.00  0.00  0.00
-94.00  0.00  0.00  0.00  0.00  0.00  0.00  0.00  0.00  0.00
-2680.00  0.00 174.00 68.00 74.00  2.00  4.00  4.00  8.00  0.00
-35040.00 18.00 2268.00 180.00 2118.00 42.00 12.00 158.00 136.00 14.00
- 0.00  0.00  0.00  0.00  0.00  0.00  0.00  0.00  0.00  0.00
-[INFO] - Domain report: 
-label                                                precision    recall       f1           support   
-0 (label_id: 0)                                        100.00     100.00     100.00        378
--------------------
-micro avg                                              100.00     100.00     100.00        378
-macro avg                                              100.00     100.00     100.00        378
-weighted avg                                           100.00     100.00     100.00        378
-
--------------------
-378.00
-[INFO] - Punctuation report: 
-label                                                precision    recall       f1           support   
- (label_id: 0)                                          98.70      95.57      97.11     225872
-! (label_id: 1)                                          2.58      31.58       4.76         76
-, (label_id: 2)                                         46.86      70.17      56.20      15584
-- (label_id: 3)                                         71.78      60.95      65.92       1352
-. (label_id: 4)                                         79.30      67.00      72.63      13588
-: (label_id: 5)                                         11.42      37.18      17.47        312
-; (label_id: 6)                                          0.00       0.00       0.00        148
-? (label_id: 7)                                         62.90      63.41      63.16        984
-— (label_id: 8)                                         10.90      15.67      12.85        868
-… (label_id: 9)                                          0.00       0.00       0.00         88
--------------------
-micro avg                                               91.80      91.80      91.80     258872
-macro avg                                               38.44      44.15      39.01     258872
-weighted avg                                            93.77      91.80      92.58     258872
-
--------------------
-215876.00  4.00 1836.00 396.00 448.00 32.00  4.00 32.00 72.00 20.00
-112.00 24.00 224.00 12.00 436.00  4.00 16.00 60.00 36.00  8.00
-8896.00 20.00 10936.00 100.00 2756.00 80.00 40.00 84.00 396.00 28.00
-300.00  0.00  8.00 824.00 16.00  0.00  0.00  0.00  0.00  0.00
-316.00 20.00 1584.00 12.00 9104.00 52.00 68.00 160.00 152.00 12.00
-104.00  8.00 304.00  4.00 376.00 116.00 16.00 20.00 68.00  0.00
- 0.00  0.00  0.00  0.00  0.00  0.00  0.00  0.00  0.00  0.00
-88.00  0.00 120.00  0.00 144.00  4.00  4.00 624.00  8.00  0.00
-180.00  0.00 572.00  4.00 308.00 24.00  0.00  4.00 136.00 20.00
- 0.00  0.00  0.00  0.00  0.00  0.00  0.00  0.00  0.00  0.00
-[INFO] - Domain report: 
-label                                                precision    recall       f1           support   
-0 (label_id: 0)                                        100.00     100.00     100.00       2236
--------------------
-micro avg                                              100.00     100.00     100.00       2236
-macro avg                                              100.00     100.00     100.00       2236
-weighted avg                                           100.00     100.00     100.00       2236
-
--------------------
-2236.00
-[INFO] - Punctuation report: 
-label                                                precision    recall       f1           support   
- (label_id: 0)                                          98.68      96.17      97.41     225872
-! (label_id: 1)                                          2.01      42.11       3.84         76
-, (label_id: 2)                                         51.22      70.71      59.41      15584
-- (label_id: 3)                                         73.86      66.86      70.19       1352
-. (label_id: 4)                                         78.60      71.56      74.92      13588
-: (label_id: 5)                                         31.67      24.36      27.54        312
-; (label_id: 6)                                          0.00       0.00       0.00        148
-? (label_id: 7)                                         64.82      66.67      65.73        984
-— (label_id: 8)                                         14.72      13.36      14.01        868
-… (label_id: 9)                                          0.00       0.00       0.00         88
--------------------
-micro avg                                               92.62      92.62      92.62     258872
-macro avg                                               41.56      45.18      41.30     258872
-weighted avg                                            94.03      92.62      93.20     258872
-
--------------------
-217232.00  4.00 1952.00 348.00 408.00 36.00  8.00 36.00 84.00 20.00
-208.00 32.00 408.00  4.00 776.00 12.00 24.00 60.00 52.00 16.00
-7432.00 20.00 11020.00 88.00 2312.00 104.00 40.00 64.00 404.00 32.00
-316.00  0.00  0.00 904.00  4.00  0.00  0.00  0.00  0.00  0.00
-336.00 20.00 1800.00  8.00 9724.00 68.00 68.00 148.00 192.00  8.00
-28.00  0.00 60.00  0.00 64.00 76.00  0.00  4.00  8.00  0.00
- 0.00  0.00  0.00  0.00  0.00  0.00  0.00  0.00  0.00  0.00
-108.00  0.00 100.00  0.00 128.00  8.00  0.00 656.00 12.00  0.00
-212.00  0.00 244.00  0.00 172.00  8.00  8.00 16.00 116.00 12.00
- 0.00  0.00  0.00  0.00  0.00  0.00  0.00  0.00  0.00  0.00
-[INFO] - Domain report: 
-label                                                precision    recall       f1           support   
-0 (label_id: 0)                                        100.00     100.00     100.00       2236
--------------------
-micro avg                                              100.00     100.00     100.00       2236
-macro avg                                              100.00     100.00     100.00       2236
-weighted avg                                           100.00     100.00     100.00       2236
-
--------------------
-2236.0[I[INFO] - Punctuation report: 
-label                                                precision    recall       f1           support   
- (label_id: 0)                                          96.90      99.04      97.96     225872
-! (label_id: 1)                                          0.00       0.00       0.00         76
-, (label_id: 2)                                         46.04      64.81      53.84      15584
-- (label_id: 3)                                         82.61      61.83      70.73       1352
-. (label_id: 4)                                         88.96      26.82      41.21      13588
-: (label_id: 5)                                         30.51      23.08      26.28        312
-; (label_id: 6)                                          0.00       0.00       0.00        148
-? (label_id: 7)                                         86.83      58.94      70.22        984
-— (label_id: 8)                                         66.67       3.69       6.99        868
-… (label_id: 9)                                          0.00       0.00       0.00         88
--------------------
-micro avg                                               92.31      92.31      92.31     258872
-macro avg                                               49.85      33.82      36.72     258872
-weighted avg                                            93.01      92.31      91.57     258872
-
--------------------
-223712.00 12.00 5200.00 460.00 1096.00 88.00 16.00 80.00 172.00 24.00
- 0.00  0.00  0.00  0.00  0.00  0.00  0.00  0.00  0.00  0.00
-1824.00 56.00 10100.00 56.00 8728.00 132.00 132.00 252.00 612.00 44.00
-172.00  0.00  0.00 836.00  4.00  0.00  0.00  0.00  0.00  0.00
-112.00  8.00 200.00  0.00 3644.00 16.00  0.00 68.00 32.00 16.00
-16.00  0.00 48.00  0.00 84.00 72.00  0.00  4.00 12.00  0.00
- 0.00  0.00  0.00  0.00 12.00  0.00  0.00  0.00  4.00  0.00
-36.00  0.00 32.00  0.00 12.00  4.00  0.00 580.00  4.00  0.00
- 0.00  0.00  4.00  0.00  8.00  0.00  0.00  0.00 32.00  4.00
- 0.00  0.00  0.00  0.00  0.00  0.00  0.00  0.00  0.00  0.00
-[INFO] - Domain report: 
-label                                                precision    recall       f1           support   
-0 (label_id: 0)                                        100.00     100.00     100.00       2236
--------------------
-micro avg                                              100.00     100.00     100.00       2236
-macro avg                                              100.00     100.00     100.00       2236
-weighted avg                                           100.00     100.00     100.00       2236
-
--------------------
-2236.00
-[INFO] - Punctuation report: 
-label                                                precision    recall       f1           support   
- (label_id: 0)                                          98.15      98.08      98.12     225872
-! (label_id: 1)                                          0.00       0.00       0.00         76
-, (label_id: 2)                                         61.53      67.71      64.48      15584
-- (label_id: 3)                                         80.65      66.57      72.93       1352
-. (label_id: 4)                                         78.81      75.10      76.91      13588
-: (label_id: 5)                                         14.21      35.90      20.36        312
-; (label_id: 6)                                          0.00       0.00       0.00        148
-? (label_id: 7)                                         74.04      70.73      72.35        984
-— (label_id: 8)                                         37.50       9.68      15.38        868
-… (label_id: 9)                                          0.00       0.00       0.00         88
--------------------
-micro avg                                               94.29      94.29      94.29     258872
-macro avg                                               44.49      42.38      42.05     258872
-weighted avg                                            94.33      94.29      94.26     258872
-
--------------------
-221536.00  8.00 2912.00 376.00 624.00 60.00 12.00 56.00 104.00 20.00
- 0.00  0.00  0.00  0.00  0.00  0.00  0.00  0.00  0.00  0.00
-3416.00 32.00 10552.00 68.00 2400.00 80.00 72.00 72.00 412.00 44.00
-208.00  0.00  4.00 900.00  4.00  0.00  0.00  0.00  0.00  0.00
-528.00 32.00 1712.00  8.00 10204.00 56.00 60.00 124.00 204.00 20.00
-68.00  4.00 244.00  0.00 264.00 112.00  4.00 36.00 56.00  0.00
- 0.00  0.00  0.00  0.00  0.00  0.00  0.00  0.00  0.00  0.00
-76.00  0.00 92.00  0.00 64.00  4.00  0.00 696.00  8.00  0.00
-40.00  0.00 68.00  0.00 28.00  0.00  0.00  0.00 84.00  4.00
- 0.00  0.00  0.00  0.00  0.00  0.00  0.00  0.00  0.00  0.00
-[INFO] - Domain report: 
-label                                                precision    recall       f1           support   
-0 (label_id: 0)                                        100.00     100.00     100.00       2236
--------------------
-micro avg                                              100.00     100.00     100.00       2236
-macro avg                                              100.00     100.00     100.00       2236
-weighted avg                                           100.00     100.00     100.00       2236
-
--------------------
-2236.00
-[INFO] - Punctuation report: 
-label                                                precision    recall       f1           support   
- (label_id: 0)                                          97.79      98.40      98.10     225872
-! (label_id: 1)                                          0.00       0.00       0.00         76
-, (label_id: 2)                                         68.28      56.70      61.95      15584
-- (label_id: 3)                                         61.96      72.78      66.94       1352
-. (label_id: 4)                                         73.34      83.81      78.23      13588
-: (label_id: 5)                                         39.53      21.79      28.10        312
-; (label_id: 6)                                          0.00       0.00       0.00        148
-? (label_id: 7)                                         65.11      73.58      69.08        984
-— (label_id: 8)                                         35.00       9.68      15.16        868
-… (label_id: 9)                                          0.00       0.00       0.00         88
--------------------
-micro avg                                               94.39      94.39      94.39     258872
-macro avg                                               44.10      41.67      41.76     258872
-weighted avg                                            94.02      94.39      94.12     258872
-
--------------------
-222268.00 12.00 3740.00 280.00 652.00 80.00 12.00 84.00 140.00 24.00
- 0.00  0.00  0.00  0.00  0.00  0.00  0.00  0.00  0.00  0.00
-2172.00 28.00 8836.00 80.00 1296.00 68.00 52.00 28.00 340.00 40.00
-592.00  0.00  8.00 984.00  4.00  0.00  0.00  0.00  0.00  0.00
-752.00 32.00 2756.00  8.00 11388.00 76.00 76.00 136.00 284.00 20.00
-12.00  0.00 32.00  0.00 44.00 68.00  0.00  8.00  8.00  0.00
- 0.00  0.00  0.00  0.00  0.00  0.00  0.00  0.00  0.00  0.00
-60.00  4.00 120.00  0.00 172.00 16.00  4.00 724.00 12.00  0.00
-16.00  0.00 92.00  0.00 32.00  4.00  4.00  4.00 84.00  4.00
- 0.00  0.00  0.00  0.00  0.00  0.00  0.00  0.00  0.00  0.00
-[INFO] - Domain report: 
-label                                                precision    recall       f1           support   
-0 (label_id: 0)                                        100.00     100.00     100.00       2236
--------------------
-micro avg                                              100.00     100.00     100.00       2236
-macro avg                                              100.00     100.00     100.00       2236
-weighted avg                                           100.00     100.00     100.00       2236
-
--------------------
-2236.00
-[INFO] - Punctuation report: 
-label                                                precision    recall       f1           support   
- (label_id: 0)                                          98.37      97.46      97.91     225872
-! (label_id: 1)                                          0.00       0.00       0.00         76
-, (label_id: 2)                                         55.23      75.03      63.63      15584
-- (label_id: 3)                                         69.55      73.67      71.55       1352
-. (label_id: 4)                                         84.21      67.06      74.66      13588
-: (label_id: 5)                                         57.58      24.36      34.23        312
-; (label_id: 6)                                          0.00       0.00       0.00        148
-? (label_id: 7)                                         71.89      72.76      72.32        984
-— (label_id: 8)                                         26.09      16.59      20.28        868
-… (label_id: 9)                                          0.00       0.00       0.00         88
--------------------
-micro avg                                               93.81      93.81      93.81     258872
-macro avg                                               46.29      42.69      43.46     258872
-weighted avg                                            94.37      93.81      93.94     258872
-
--------------------
-220124.00  4.00 2568.00 268.00 560.00 56.00  0.00 60.00 112.00 20.00
- 0.00  0.00  0.00  0.00  0.00  0.00  0.00  0.00  0.00  0.00
-4928.00 44.00 11692.00 84.00 3564.00 120.00 84.00 108.00 492.00 52.00
-416.00  0.00 16.00 996.00  4.00  0.00  0.00  0.00  0.00  0.00
-332.00 24.00 1052.00  4.00 9112.00 40.00 48.00 88.00 108.00 12.00
- 0.00  0.00  8.00  0.00 40.00 76.00  0.00  4.00  4.00  0.00
- 0.00  0.00  0.00  0.00  0.00  0.00  0.00  0.00  0.00  0.00
-64.00  0.00 72.00  0.00 124.00  8.00  4.00 716.00  8.00  0.00
- 8.00  4.00 176.00  0.00 184.00 12.00 12.00  8.00 144.00  4.00
- 0.00  0.00  0.00  0.00  0.00  0.00  0.00  0.00  0.00  0.00
-[INFO] - Domain report: 
-label                                                precision    recall       f1           support   
-0 (label_id: 0)                                        100.00     100.00     100.00       2236
--------------------
-micro avg                                              100.00     100.00     100.00       2236
-macro avg                                              100.00     100.00     100.00       2236
-weighted avg                                           100.00     100.00     100.00       2236
-
--------------------
-2236.00
-[INFO] - Punctuation report: 
-label                                                precision    recall       f1           support   
- (label_id: 0)                                          98.38      97.04      97.71     225872
-! (label_id: 1)                                          0.00       0.00       0.00         76
-, (label_id: 2)                                         51.99      78.29      62.48      15584
-- (label_id: 3)                                         71.08      69.82      70.45       1352
-. (label_id: 4)                                         85.99      64.12      73.46      13588
-: (label_id: 5)                                         60.00      19.23      29.13        312
-; (label_id: 6)                                          0.00       0.00       0.00        148
-? (label_id: 7)                                         80.37      69.92      74.78        984
-— (label_id: 8)                                         37.78       7.83      12.98        868
-… (label_id: 9)                                          0.00       0.00       0.00         88
--------------------
-micro avg                                               93.43      93.43      93.43     258872
-macro avg                                               48.56      40.62      42.10     258872
-weighted avg                                            94.35      93.43      93.60     258872
-
--------------------
-219192.00  4.00 2408.00 288.00 648.00 64.00  4.00 48.00 132.00 20.00
- 0.00  0.00  0.00  0.00  0.00  0.00  0.00  0.00  0.00  0.00
-6068.00 44.00 12200.00 120.00 4088.00 132.00 104.00 152.00 512.00 48.00
-376.00  0.00  4.00 944.00  4.00  0.00  0.00  0.00  0.00  0.00
-192.00 28.00 860.00  0.00 8712.00 52.00 32.00 96.00 148.00 12.00
- 0.00  0.00  4.00  0.00 32.00 60.00  0.00  0.00  4.00  0.00
- 0.00  0.00  0.00  0.00  0.00  0.00  0.00  0.00  0.00  0.00
-44.00  0.00 60.00  0.00 56.00  0.00  4.00 688.00  4.00  0.00
- 0.00  0.00 48.00  0.00 48.00  4.00  4.00  0.00 68.00  8.00
- 0.00  0.00  0.00  0.00  0.00  0.00  0.00  0.00  0.00  0.00
-[INFO] - Domain report: 
-label                                                precision    recall       f1           support   
-0 (label_id: 0)                                        100.00     100.00     100.00       2236
--------------------
-micro avg                                              100.00     100.00     100.00       2236
-macro avg                                              100.00     100.00     100.00       2236
-weighted avg                                           100.00     100.00     100.00       2236
-
--------------------
-2236.00
-[INFO] - Punctuation report: 
-label                                                precision    recall       f1           support   
- (label_id: 0)                                          97.53      98.70      98.11     225872
-! (label_id: 1)                                          0.00       0.00       0.00         76
-, (label_id: 2)                                         62.00      65.40      63.65      15584
-- (label_id: 3)                                         81.02      65.68      72.55       1352
-. (label_id: 4)                                         82.92      70.62      76.28      13588
-: (label_id: 5)                                         55.56      12.82      20.83        312
-; (label_id: 6)                                          0.00       0.00       0.00        148
-? (label_id: 7)                                         73.88      73.58      73.73        984
-— (label_id: 8)                                         36.36       1.84       3.51        868
-… (label_id: 9)                                          0.00       0.00       0.00         88
--------------------
-micro avg                                               94.41      94.41      94.41     258872
-macro avg                                               48.93      38.86      40.87     258872
-weighted avg                                            94.07      94.41      94.14     258872
-
--------------------
-222940.00 12.00 4044.00 400.00 844.00 72.00  4.00 72.00 180.00 28.00
-16.00  0.00 36.00  0.00  8.00  8.00  0.00  4.00  0.00  0.00
-2324.00 36.00 10192.00 60.00 2984.00 136.00 96.00 88.00 484.00 40.00
-200.00  0.00  4.00 888.00  0.00  0.00  0.00  0.00  4.00  0.00
-340.00 28.00 1224.00  4.00 9596.00 52.00 44.00 96.00 172.00 16.00
- 0.00  0.00  4.00  0.00 24.00 40.00  0.00  0.00  4.00  0.00
- 0.00  0.00  0.00  0.00  0.00  0.00  0.00  0.00  0.00  0.00
-52.00  0.00 68.00  0.00 120.00  4.00  4.00 724.00  8.00  0.00
- 0.00  0.00 12.00  0.00 12.00  0.00  0.00  0.00 16.00  4.00
- 0.00  0.00  0.00  0.00  0.00  0.00  0.00  0.00  0.00  0.00
-[INFO] - Domain report: 
-label                                                precision    recall       f1           support   
-0 (label_id: 0)                                        100.00     100.00     100.00       2236
--------------------
-micro avg                                              100.00     100.00     100.00       2236
-macro avg                                              100.00     100.00     100.00       2236
-weighted avg                                           100.00     100.00     100.00       2236
-
--------------------
-2236.00
-[INFO] - Punctuation report: 
-label                                                precision    recall       f1           support   
- (label_id: 0)                                          98.22      97.92      98.07     225872
-! (label_id: 1)                                          0.00       0.00       0.00         76
-, (label_id: 2)                                         64.06      63.83      63.95      15584
-- (label_id: 3)                                         82.22      65.68      73.03       1352
-. (label_id: 4)                                         73.23      83.81      78.16      13588
-: (label_id: 5)                                         48.57      21.79      30.09        312
-; (label_id: 6)                                          0.00       0.00       0.00        148
-? (label_id: 7)                                         62.30      77.24      68.97        984
-— (label_id: 8)                                         36.17       7.83      12.88        868
-… (label_id: 9)                                          0.00       0.00       0.00         88
--------------------
-micro avg                                               94.36      94.36      94.36     258872
-macro avg                                               46.48      41.81      42.51     258872
-weighted avg                                            94.25      94.36      94.24     258872
-
--------------------
-221164.00  8.00 2680.00 384.00 648.00 68.00  4.00 52.00 132.00 24.00
- 0.00  0.00  0.00  0.00  0.00  0.00  0.00  0.00  0.00  0.00
-3600.00 24.00 9948.00 60.00 1364.00 68.00 40.00 40.00 352.00 32.00
-188.00  0.00  4.00 888.00  0.00  0.00  0.00  0.00  0.00  0.00
-744.00 40.00 2724.00 16.00 11388.00 92.00 96.00 132.00 300.00 20.00
-16.00  0.00 16.00  0.00 32.00 68.00  0.00  0.00  8.00  0.00
- 0.00  0.00  0.00  0.00  0.00  0.00  0.00  0.00  0.00  0.00
-144.00  4.00 148.00  4.00 136.00  8.00  4.00 760.00  8.00  4.00
-16.00  0.00 64.00  0.00 20.00  8.00  4.00  0.00 68.00  8.00
- 0.00  0.00  0.00  0.00  0.00  0.00  0.00  0.00  0.00  0.00
-[INFO] - Domain report: 
-label                                                precision    recall       f1           support   
-0 (label_id: 0)                                        100.00     100.00     100.00       2236
--------------------
-micro avg                                              100.00     100.00     100.00       2236
-macro avg                                              100.00     100.00     100.00       2236
-weighted avg                                           100.00     100.00     100.00       2236
-
--------------------
-2236.00
-[INFO] - Punctuation report: 
-label                                                precision    recall       f1           support   
- (label_id: 0)                                          97.95      98.40      98.17     225872
-! (label_id: 1)                                          0.00       0.00       0.00         76
-, (label_id: 2)                                         59.98      71.36      65.17      15584
-- (label_id: 3)                                         80.21      67.16      73.11       1352
-. (label_id: 4)                                         83.40      68.62      75.29      13588
-: (label_id: 5)                                         66.67      23.08      34.29        312
-; (label_id: 6)                                          0.00       0.00       0.00        148
-? (label_id: 7)                                         79.30      73.17      76.11        984
-— (label_id: 8)                                         40.74       5.07       9.02        868
-… (label_id: 9)                                          0.00       0.00       0.00         88
--------------------
-micro avg                                               94.42      94.42      94.42     258872
-macro avg                                               50.82      40.68      43.12     258872
-weighted avg                                            94.39      94.42      94.28     258872
-
--------------------
-222248.00  8.00 3268.00 368.00 708.00 64.00  4.00 60.00 148.00 20.00
- 0.00  0.00  0.00  0.00  0.00  0.00  0.00  0.00  0.00  0.00
-2988.00 40.00 11120.00 72.00 3440.00 108.00 96.00 96.00 536.00 44.00
-216.00  0.00  4.00 908.00  4.00  0.00  0.00  0.00  0.00  0.00
-356.00 28.00 1120.00  4.00 9324.00 60.00 40.00 104.00 128.00 16.00
- 0.00  0.00  4.00  0.00 28.00 72.00  0.00  0.00  4.00  0.00
- 0.00  0.00  0.00  0.00  0.00  0.00  0.00  0.00  0.00  0.00
-60.00  0.00 48.00  0.00 64.00  4.00  4.00 720.00  8.00  0.00
- 4.00  0.00 20.00  0.00 20.00  4.00  4.00  4.00 44.00  8.00
- 0.00  0.00  0.00  0.00  0.00  0.00  0.00  0.00  0.00  0.00
-[INFO] - Domain report: 
-label                                                precision    recall       f1           support   
-0 (label_id: 0)                                        100.00     100.00     100.00       2236
--------------------
-micro avg                                              100.00     100.00     100.00       2236
-macro avg                                              100.00     100.00     100.00       2236
-weighted avg                                           100.00     100.00     100.00       2236
-
--------------------
-2236.00
-[INFO] - Punctuation report: 
-label                                                precision    recall       f1           support   
- (label_id: 0)                                          98.10      98.28      98.19     225872
-! (label_id: 1)                                          0.00       0.00       0.00         76
-, (label_id: 2)                                         61.25      70.64      65.61      15584
-- (label_id: 3)                                         81.07      67.16      73.46       1352
-. (label_id: 4)                                         80.94      73.77      77.19      13588
-: (label_id: 5)                                         66.67      23.08      34.29        312
-; (label_id: 6)                                          0.00       0.00       0.00        148
-? (label_id: 7)                                         78.45      73.98      76.15        984
-— (label_id: 8)                                         50.00       5.07       9.21        868
-… (label_id: 9)                                          0.00       0.00       0.00         88
--------------------
-micro avg                                               94.55      94.55      94.55     258872
-macro avg                                               51.65      41.20      43.41     258872
-weighted avg                                            94.50      94.55      94.42     258872
-
--------------------
-221976.00  4.00 3008.00 356.00 636.00 64.00  0.00 56.00 152.00 20.00
- 0.00  0.00  0.00  0.00  0.00  0.00  0.00  0.00  0.00  0.00
-3272.00 40.00 11008.00 76.00 2800.00 100.00 76.00 104.00 456.00 40.00
-208.00  0.00  0.00 908.00  4.00  0.00  0.00  0.00  0.00  0.00
-364.00 28.00 1504.00 12.00 10024.00 60.00 68.00 96.00 204.00 24.00
- 0.00  0.00  4.00  0.00 28.00 72.00  0.00  0.00  4.00  0.00
- 0.00  0.00  0.00  0.00  0.00  0.00  0.00  0.00  0.00  0.00
-48.00  4.00 48.00  0.00 80.00  8.00  4.00 728.00  8.00  0.00
- 4.00  0.00 12.00  0.00 16.00  8.00  0.00  0.00 44.00  4.00
- 0.00  0.00  0.00  0.00  0.00  0.00  0.00  0.00  0.00  0.00
-[INFO] - Domain report: 
-label                                                precision    recall       f1           support   
-0 (label_id: 0)                                        100.00     100.00     100.00       2236
--------------------
-micro avg                                              100.00     100.00     100.00       2236
-macro avg                                              100.00     100.00     100.00       2236
-weighted avg                                           100.00     100.00     100.00       2236
-
--------------------
-2236.00
-[INFO] - Punctuation report: 
-label                                                precision    recall       f1           support   
- (label_id: 0)                                          98.20      98.13      98.16     225872
-! (label_id: 1)                                          0.00       0.00       0.00         76
-, (label_id: 2)                                         60.37      72.38      65.83      15584
-- (label_id: 3)                                         81.63      68.34      74.40       1352
-. (label_id: 4)                                         81.60      73.36      77.26      13588
-: (label_id: 5)                                         73.08      24.36      36.54        312
-; (label_id: 6)                                          0.00       0.00       0.00        148
-? (label_id: 7)                                         81.08      73.17      76.92        984
-— (label_id: 8)                                         46.88       6.91      12.05        868
-… (label_id: 9)                                          0.00       0.00       0.00         88
--------------------
-micro avg                                               94.52      94.52      94.52     258872
-macro avg                                               52.28      41.67      44.12     258872
-weighted avg                                            94.58      94.52      94.43     258872
-
--------------------
-221652.00  4.00 2820.00 336.00 612.00 64.00  4.00 56.00 152.00 20.00
- 0.00  0.00  0.00  0.00  0.00  0.00  0.00  0.00  0.00  0.00
-3612.00 40.00 11280.00 84.00 2916.00 88.00 60.00 96.00 464.00 44.00
-208.00  0.00  0.00 924.00  0.00  0.00  0.00  0.00  0.00  0.00
-348.00 32.00 1400.00  8.00 9968.00 72.00 76.00 112.00 180.00 20.00
- 0.00  0.00  0.00  0.00 24.00 76.00  0.00  0.00  4.00  0.00
- 0.00  0.00  0.00  0.00  0.00  0.00  0.00  0.00  0.00  0.00
-48.00  0.00 52.00  0.00 52.00  4.00  4.00 720.00  8.00  0.00
- 4.00  0.00 32.00  0.00 16.00  8.00  4.00  0.00 60.00  4.00
- 0.00  0.00  0.00  0.00  0.00  0.00  0.00  0.00  0.00  0.00
-[INFO] - Domain report: 
-label                                                precision    recall       f1           support   
-0 (label_id: 0)                                        100.00     100.00     100.00       2236
--------------------
-micro avg                                              100.00     100.00     100.00       2236
-macro avg                                              100.00     100.00     100.00       2236
-weighted avg                                           100.00     100.00     100.00       2236
-
--------------------
-2236.00
-[INFO] - Punctuation report: 
-label                                                precision    recall       f1           support   
- (label_id: 0)                                          98.15      98.16      98.16     225872
-! (label_id: 1)                                          0.00       0.00       0.00         76
-, (label_id: 2)                                         63.10      67.76      65.35      15584
-- (label_id: 3)                                         83.78      64.20      72.70       1352
-. (label_id: 4)                                         77.59      79.01      78.30      13588
-: (label_id: 5)                                         67.86      24.36      35.85        312
-; (label_id: 6)                                          0.00       0.00       0.00        148
-? (label_id: 7)                                         78.02      73.58      75.73        984
-— (label_id: 8)                                         32.10      11.98      17.45        868
-… (label_id: 9)                                          0.00       0.00       0.00         88
--------------------
-micro avg                                               94.56      94.56      94.56     258872
-macro avg                                               50.06      41.91      44.35     258872
-weighted avg                                            94.43      94.56      94.46     258872
-
--------------------
-221720.00  4.00 2856.00 392.00 632.00 60.00  4.00 56.00 156.00 20.00
- 0.00  0.00  0.00  0.00  0.00  0.00  0.00  0.00  0.00  0.00
-3384.00 32.00 10560.00 80.00 2068.00 88.00 56.00 64.00 364.00 40.00
-168.00  0.00  0.00 868.00  0.00  0.00  0.00  0.00  0.00  0.00
-528.00 40.00 1976.00 12.00 10736.00 76.00 80.00 128.00 236.00 24.00
- 0.00  0.00  0.00  0.00 28.00 76.00  0.00  4.00  4.00  0.00
- 0.00  0.00  0.00  0.00  0.00  0.00  0.00  0.00  0.00  0.00
-60.00  0.00 80.00  0.00 56.00  0.00  4.00 724.00  4.00  0.00
-12.00  0.00 112.00  0.00 68.00 12.00  4.00  8.00 104.00  4.00
- 0.00  0.00  0.00  0.00  0.00  0.00  0.00  0.00  0.00  0.00
-[INFO] - Domain report: 
-label                                                precision    recall       f1           support   
-0 (label_id: 0)                                        100.00     100.00     100.00       2236
--------------------
-micro avg                                              100.00     100.00     100.00       2236
-macro avg                                              100.00     100.00     100.00       2236
-weighted avg                                           100.00     100.00     100.00       2236
-
--------------------
-2236.00
-[INFO] - Punctuation report: 
-label                                                precision    recall       f1           support   
- (label_id: 0)                                          97.96      98.43      98.20     225872
-! (label_id: 1)                                          0.00       0.00       0.00         76
-, (label_id: 2)                                         62.35      70.23      66.06      15584
-- (label_id: 3)                                         82.94      61.83      70.85       1352
-. (label_id: 4)                                         81.72      72.77      76.99      13588
-: (label_id: 5)                                         55.26      26.92      36.21        312
-; (label_id: 6)                                         50.00       2.70       5.13        148
-? (label_id: 7)                                         80.72      73.17      76.76        984
-— (label_id: 8)                                         40.74      10.14      16.24        868
-… (label_id: 9)                                          0.00       0.00       0.00         88
--------------------
-micro avg                                               94.60      94.60      94.60     258872
-macro avg                                               55.17      41.62      44.64     258872
-weighted avg                                            94.49      94.60      94.46     258872
-
--------------------
-222324.00  8.00 3176.00 428.00 692.00 68.00  8.00 56.00 160.00 24.00
- 0.00  0.00  0.00  0.00  0.00  0.00  0.00  0.00  0.00  0.00
-2912.00 36.00 10944.00 80.00 2864.00 80.00 72.00 96.00 432.00 36.00
-172.00  0.00  0.00 836.00  0.00  0.00  0.00  0.00  0.00  0.00
-404.00 32.00 1336.00  8.00 9888.00 68.00 56.00 108.00 176.00 24.00
- 4.00  0.00  4.00  0.00 44.00 84.00  4.00  4.00  8.00  0.00
- 0.00  0.00  4.00  0.00  0.00  0.00  4.00  0.00  0.00  0.00
-48.00  0.00 56.00  0.00 56.00  4.00  4.00 720.00  4.00  0.00
- 8.00  0.00 64.00  0.00 44.00  8.00  0.00  0.00 88.00  4.00
- 0.00  0.00  0.00  0.00  0.00  0.00  0.00  0.00  0.00  0.00
-[INFO] - Domain report: 
-label                                                precision    recall       f1           support   
-0 (label_id: 0)                                        100.00     100.00     100.00       2236
--------------------
-micro avg                                              100.00     100.00     100.00       2236
-macro avg                                              100.00     100.00     100.00       2236
-weighted avg                                           100.00     100.00     100.00       2236
-
--------------------
-2236.00
-[INFO] - Punctuation report: 
-label                                                precision    recall       f1           support   
- (label_id: 0)                                          97.98      98.44      98.21     225872
-! (label_id: 1)                                          0.00       0.00       0.00         76
-, (label_id: 2)                                         65.60      65.35      65.48      15584
-- (label_id: 3)                                         80.57      67.46      73.43       1352
-. (label_id: 4)                                         78.74      78.30      78.52      13588
-: (label_id: 5)                                         57.50      29.49      38.98        312
-; (label_id: 6)                                         33.33       2.70       5.00        148
-? (label_id: 7)                                         79.65      73.17      76.27        984
-— (label_id: 8)                                         23.12      18.43      20.51        868
-… (label_id: 9)                                          0.00       0.00       0.00         88
--------------------
-micro avg                                               94.67      94.67      94.67     258872
-macro avg                                               51.65      43.33      45.64     258872
-weighted avg                                            94.46      94.67      94.55     258872
-
--------------------
-222356.00  8.00 3192.00 356.00 700.00 72.00  8.00 60.00 164.00 20.00
- 0.00  0.00  0.00  0.00  0.00  0.00  0.00  0.00  0.00  0.00
-2712.00 32.00 10184.00 68.00 1992.00 68.00 36.00 60.00 336.00 36.00
-216.00  0.00  4.00 912.00  0.00  0.00  0.00  0.00  0.00  0.00
-512.00 36.00 1816.00 16.00 10640.00 68.00 76.00 128.00 200.00 20.00
- 8.00  0.00  4.00  0.00 48.00 92.00  0.00  4.00  4.00  0.00
- 0.00  0.00  4.00  0.00  4.00  0.00  4.00  0.00  0.00  0.00
-48.00  0.00 80.00  0.00 48.00  0.00  4.00 720.00  4.00  0.00
-20.00  0.00 300.00  0.00 156.00 12.00 20.00 12.00 160.00 12.00
- 0.00  0.00  0.00  0.00  0.00  0.00  0.00  0.00  0.00  0.00
-[INFO] - Domain report: 
-label                                                precision    recall       f1           support   
-0 (label_id: 0)                                        100.00     100.00     100.00       2236
--------------------
-micro avg                                              100.00     100.00     100.00       2236
-macro avg                                              100.00     100.00     100.00       2236
-weighted avg                                           100.00     100.00     100.00       2236
-
--------------------
-2236.00
-[INFO] - Optimizer config = AdamW (
-Parameter Group 0
-    amsgrad: False
-    betas: (0.9, 0.999)
-    eps: 1e-08
-    lr: 0.001
-    weight_decay: 0.0
-)
-[INFO] - Scheduler "<core.optim.lr_scheduler.WarmupAnnealing object at 0x7fb818b76c10>" 
-will be used during training (effective maximum steps = 750) - 
-Parameters : 
-(warmup_steps: null
-warmup_ratio: 0.1
-min_lr: 1.0e-08
-last_epoch: -1
-max_steps: 750
-)
-[INFO] - Punctuation report: 
-label                                                precision    recall       f1           support   
- (label_id: 0)                                          98.11      98.52      98.32      38870
-! (label_id: 1)                                          0.00       0.00       0.00         18
-, (label_id: 2)                                         64.43      65.11      64.76       2476
-- (label_id: 3)                                         79.57      57.36      66.67        258
-. (label_id: 4)                                         79.55      79.48      79.52       2242
-: (label_id: 5)                                         50.00      21.74      30.30         46
-; (label_id: 6)                                          0.00       0.00       0.00         16
-? (label_id: 7)                                         81.71      80.72      81.21        166
-— (label_id: 8)                                         17.65      12.50      14.63        144
-… (label_id: 9)                                          0.00       0.00       0.00         14
--------------------
-micro avg                                               94.92      94.92      94.92      44250
-macro avg                                               47.10      41.54      43.54      44250
-weighted avg                                            94.70      94.92      94.79      44250
-
--------------------
-38296.00  2.00 498.00 90.00 92.00  4.00  0.00 12.00 36.00  2.00
- 0.00  0.00  0.00  0.00  0.00  0.00  0.00  0.00  0.00  0.00
-450.00  8.00 1612.00 18.00 324.00 18.00  6.00  8.00 52.00  6.00
-38.00  0.00  0.00 148.00  0.00  0.00  0.00  0.00  0.00  0.00
-66.00  8.00 312.00  2.00 1782.00 12.00 10.00  8.00 36.00  4.00
- 2.00  0.00  0.00  0.00  8.00 10.00  0.00  0.00  0.00  0.00
- 0.00  0.00  2.00  0.00  2.00  0.00  0.00  0.00  0.00  0.00
-14.00  0.00 12.00  0.00  2.00  0.00  0.00 134.00  2.00  0.00
- 4.00  0.00 40.00  0.00 32.00  2.00  0.00  4.00 18.00  2.00
- 0.00  0.00  0.00  0.00  0.00  0.00  0.00  0.00  0.00  0.00
-[INFO] - Domain report: 
-label                                                precision    recall       f1           support   
-0 (label_id: 0)                                        100.00     100.00     100.00        378
--------------------
-micro avg                                              100.00     100.00     100.00        378
-macro avg                                              100.00     100.00     100.00        378
-weighted avg                                           100.00     100.00     100.00        378
-
--------------------
-378.00
-[INFO] - Punctuation report: 
-label                                                precision    recall       f1           support   
- (label_id: 0)                                          97.98      98.44      98.21     225872
-! (label_id: 1)                                          0.00       0.00       0.00         76
-, (label_id: 2)                                         65.60      65.35      65.48      15584
-- (label_id: 3)                                         80.57      67.46      73.43       1352
-. (label_id: 4)                                         78.74      78.30      78.52      13588
-: (label_id: 5)                                         57.50      29.49      38.98        312
-; (label_id: 6)                                         33.33       2.70       5.00        148
-? (label_id: 7)                                         79.65      73.17      76.27        984
-— (label_id: 8)                                         23.12      18.43      20.51        868
-… (label_id: 9)                                          0.00       0.00       0.00         88
--------------------
-micro avg                                               94.67      94.67      94.67     258872
-macro avg                                               51.65      43.33      45.64     258872
-weighted avg                                            94.46      94.67      94.55     258872
-
--------------------
-222356.00  8.00 3192.00 356.00 700.00 72.00  8.00 60.00 164.00 20.00
- 0.00  0.00  0.00  0.00  0.00  0.00  0.00  0.00  0.00  0.00
-2712.00 32.00 10184.00 68.00 1992.00 68.00 36.00 60.00 336.00 36.00
-216.00  0.00  4.00 912.00  0.00  0.00  0.00  0.00  0.00  0.00
-512.00 36.00 1816.00 16.00 10640.00 68.00 76.00 128.00 200.00 20.00
- 8.00  0.00  4.00  0.00 48.00 92.00  0.00  4.00  4.00  0.00
- 0.00  0.00  4.00  0.00  4.00  0.00  4.00  0.00  0.00  0.00
-48.00  0.00 80.00  0.00 48.00  0.00  4.00 720.00  4.00  0.00
-20.00  0.00 300.00  0.00 156.00 12.00 20.00 12.00 160.00 12.00
- 0.00  0.00  0.00  0.00  0.00  0.00  0.00  0.00  0.00  0.00
-[INFO] - Domain report: 
-label                                                precision    recall       f1           support   
-0 (label_id: 0)                                        100.00     100.00     100.00       2236
--------------------
-micro avg                                              100.00     100.00     100.00       2236
-macro avg                                              100.00     100.00     100.00       2236
-weighted avg                                           100.00     100.00     100.00       2236
-
--------------------
-2236.00
-[INFO] - Punctuation report: 
-label                                                precision    recall       f1           support   
- (label_id: 0)                                          97.98      98.44      98.21     225872
-! (label_id: 1)                                          0.00       0.00       0.00         76
-, (label_id: 2)                                         65.60      65.35      65.48      15584
-- (label_id: 3)                                         80.57      67.46      73.43       1352
-. (label_id: 4)                                         78.74      78.30      78.52      13588
-: (label_id: 5)                                         57.50      29.49      38.98        312
-; (label_id: 6)                                         33.33       2.70       5.00        148
-? (label_id: 7)                                         79.65      73.17      76.27        984
-— (label_id: 8)                                         23.12      18.43      20.51        868
-… (label_id: 9)                                          0.00       0.00       0.00         88
--------------------
-micro avg                                               94.67      94.67      94.67     258872
-macro avg                                               51.65      43.33      45.64     258872
-weighted avg                                            94.46      94.67      94.55     258872
-
--------------------
-222356.00  8.00 3192.00 356.00 700.00 72.00  8.00 60.00 164.00 20.00
- 0.00  0.00  0.00  0.00  0.00  0.00  0.00  0.00  0.00  0.00
-2712.00 32.00 10184.00 68.00 1992.00 68.00 36.00 60.00 336.00 36.00
-216.00  0.00  4.00 912.00  0.00  0.00  0.00  0.00  0.00  0.00
-512.00 36.00 1816.00 16.00 10640.00 68.00 76.00 128.00 200.00 20.00
- 8.00  0.00  4.00  0.00 48.00 92.00  0.00  4.00  4.00  0.00
- 0.00  0.00  4.00  0.00  4.00  0.00  4.00  0.00  0.00  0.00
-48.00  0.00 80.00  0.00 48.00  0.00  4.00 720.00  4.00  0.00
-20.00  0.00 300.00  0.00 156.00 12.00 20.00 12.00 160.00 12.00
- 0.00  0.00  0.00  0.00  0.00  0.00  0.00  0.00  0.00  0.00
-[INFO] - Domain report: 
-label                                                precision    recall       f1           support   
-0 (label_id: 0)                                        100.00     100.00     100.00       2236
--------------------
-micro avg                                              100.00     100.00     100.00       2236
-macro avg                                              100.00     100.00     100.00       2236
-weighted avg                                           100.00     100.00     100.00       2236
-
--------------------
-2236.00
---------------
-2236.00
-[INFO] - Punctuation report: 
-label                                                precision    recall       f1           support   
- (label_id: 0)                                          97.84      97.75      97.79     225872
-! (label_id: 1)                                          0.00       0.00       0.00         76
-, (label_id: 2)                                         59.73      59.24      59.48      15584
-- (label_id: 3)                                         80.74      64.50      71.71       1352
-. (label_id: 4)                                         67.57      76.74      71.87      13588
-: (label_id: 5)                                         53.12      21.79      30.91        312
-; (label_id: 6)                                          0.00       0.00       0.00        148
-? (label_id: 7)                                         64.83      38.21      48.08        984
-— (label_id: 8)                                         15.79       9.68      12.00        868
-… (label_id: 9)                                          0.00       0.00       0.00         88
--------------------
-micro avg                                               93.42      93.42      93.42     258872
-macro avg                                               43.96      36.79      39.18     258872
-weighted avg                                            93.30      93.42      93.31     258872
-
--------------------
-220780.00  4.00 3300.00 404.00 872.00 48.00  8.00 68.00 148.00 20.00
- 0.00  0.00  8.00  0.00  0.00  0.00  0.00  0.00  0.00  4.00
-3424.00 32.00 9232.00 60.00 2060.00 96.00 68.00 108.00 344.00 32.00
-200.00  0.00  8.00 872.00  0.00  0.00  0.00  0.00  0.00  0.00
-1384.00 36.00 2692.00 16.00 10428.00 84.00 68.00 424.00 276.00 24.00
- 0.00  0.00  4.00  0.00 40.00 68.00  0.00  4.00  8.00  4.00
- 0.00  0.00  0.00  0.00  0.00  0.00  0.00  0.00  0.00  0.00
-40.00  0.00 60.00  0.00 96.00  0.00  0.00 376.00  8.00  0.00
-44.00  4.00 280.00  0.00 92.00 16.00  4.00  4.00 84.00  4.00
- 0.00  0.00  0.00  0.00  0.00  0.00  0.00  0.00  0.00  0.00
-[INFO] - Domain report: 
-label                                                precision    recall       f1           support   
-0 (label_id: 0)                                        100.00     100.00     100.00       2236
--------------------
-micro avg                                              100.00     100.00     100.00       2236
-macro avg                                              100.00     100.00     100.00       2236
-weighted avg                                           100.00     100.00     100.00       2236
-
--------------------
-2236.00
-[INFO] - Punctuation report: 
-label                                                precision    recall       f1           support   
- (label_id: 0)                                          97.84      97.75      97.79     225872
-! (label_id: 1)                                          0.00       0.00       0.00         76
-, (label_id: 2)                                         59.73      59.24      59.48      15584
-- (label_id: 3)                                         80.74      64.50      71.71       1352
-. (label_id: 4)                                         67.57      76.74      71.87      13588
-: (label_id: 5)                                         53.12      21.79      30.91        312
-; (label_id: 6)                                          0.00       0.00       0.00        148
-? (label_id: 7)                                         64.83      38.21      48.08        984
-— (label_id: 8)                                         15.79       9.68      12.00        868
-… (label_id: 9)                                          0.00       0.00       0.00         88
--------------------
-micro avg                                               93.42      93.42      93.42     258872
-macro avg                                               43.96      36.79      39.18     258872
-weighted avg                                            93.30      93.42      93.31     258872
-
--------------------
-220780.00  4.00 3300.00 404.00 872.00 48.00  8.00 68.00 148.00 20.00
- 0.00  0.00  8.00  0.00  0.00  0.00  0.00  0.00  0.00  4.00
-3424.00 32.00 9232.00 60.00 2060.00 96.00 68.00 108.00 344.00 32.00
-200.00  0.00  8.00 872.00  0.00  0.00  0.00  0.00  0.00  0.00
-1384.00 36.00 2692.00 16.00 10428.00 84.00 68.00 424.00 276.00 24.00
- 0.00  0.00  4.00  0.00 40.00 68.00  0.00  4.00  8.00  4.00
- 0.00  0.00  0.00  0.00  0.00  0.00  0.00  0.00  0.00  0.00
-40.00  0.00 60.00  0.00 96.00  0.00  0.00 376.00  8.00  0.00
-44.00  4.00 280.00  0.00 92.00 16.00  4.00  4.00 84.00  4.00
- 0.00  0.00  0.00  0.00  0.00  0.00  0.00  0.00  0.00  0.00
-[INFO] - Domain report: 
-label                                                precision    recall       f1           support   
-0 (label_id: 0)                                        100.00     100.00     100.00       2236
--------------------
-micro avg                                              100.00     100.00     100.00       2236
-macro avg                                              100.00     100.00     100.00       2236
-weighted avg                                           100.00     100.00     100.00       2236
-
--------------------
-2236.00
-[INFO] - Punctuation report: 
-label                                                precision    recall       f1           support   
- (label_id: 0)                                          97.84      97.75      97.79     225872
-! (label_id: 1)                                          0.00       0.00       0.00         76
-, (label_id: 2)                                         59.73      59.24      59.48      15584
-- (label_id: 3)                                         80.74      64.50      71.71       1352
-. (label_id: 4)                                         67.57      76.74      71.87      13588
-: (label_id: 5)                                         53.12      21.79      30.91        312
-; (label_id: 6)                                          0.00       0.00       0.00        148
-? (label_id: 7)                                         64.83      38.21      48.08        984
-— (label_id: 8)                                         15.79       9.68      12.00        868
-… (label_id: 9)                                          0.00       0.00       0.00         88
--------------------
-micro avg                                               93.42      93.42      93.42     258872
-macro avg                                               43.96      36.79      39.18     258872
-weighted avg                                            93.30      93.42      93.31     258872
-
--------------------
-220780.00  4.00 3300.00 404.00 872.00 48.00  8.00 68.00 148.00 20.00
- 0.00  0.00  8.00  0.00  0.00  0.00  0.00  0.00  0.00  4.00
-3424.00 32.00 9232.00 60.00 2060.00 96.00 68.00 108.00 344.00 32.00
-200.00  0.00  8.00 872.00  0.00  0.00  0.00  0.00  0.00  0.00
-1384.00 36.00 2692.00 16.00 10428.00 84.00 68.00 424.00 276.00 24.00
- 0.00  0.00  4.00  0.00 40.00 68.00  0.00  4.00  8.00  4.00
- 0.00  0.00  0.00  0.00  0.00  0.00  0.00  0.00  0.00  0.00
-40.00  0.00 60.00  0.00 96.00  0.00  0.00 376.00  8.00  0.00
-44.00  4.00 280.00  0.00 92.00 16.00  4.00  4.00 84.00  4.00
- 0.00  0.00  0.00  0.00  0.00  0.00  0.00  0.00  0.00  0.00
-[INFO] - Domain report: 
-label                                                precision    recall       f1           support   
-0 (label_id: 0)                                        100.00     100.00     100.00       2236
--------------------
-micro avg                                              100.00     100.00     100.00       2236
-macro avg                                              100.00     100.00     100.00       2236
-weighted avg                                           100.00     100.00     100.00       2236
-
--------------------
-2236.00
