commit hash: e5e3a7b585263720cf9fac59481ed5e557e90aa8
diff --git a/Punctuation_with_Domain_discriminator/2021-03-01_16-51-14/events.out.tfevents.1614588695.intern-instance.10428.0 b/Punctuation_with_Domain_discriminator/2021-03-01_16-51-14/events.out.tfevents.1614588695.intern-instance.10428.0
index 0b5f440..b3b5ecb 100644
Binary files a/Punctuation_with_Domain_discriminator/2021-03-01_16-51-14/events.out.tfevents.1614588695.intern-instance.10428.0 and b/Punctuation_with_Domain_discriminator/2021-03-01_16-51-14/events.out.tfevents.1614588695.intern-instance.10428.0 differ
diff --git a/Punctuation_with_Domain_discriminator/2021-03-01_16-51-14/lightning_logs.txt b/Punctuation_with_Domain_discriminator/2021-03-01_16-51-14/lightning_logs.txt
index c7c649c..2b0f4e2 100644
--- a/Punctuation_with_Domain_discriminator/2021-03-01_16-51-14/lightning_logs.txt
+++ b/Punctuation_with_Domain_discriminator/2021-03-01_16-51-14/lightning_logs.txt
@@ -100,3 +100,6 @@ Global seed set to 42
 Epoch 0, step 374: val_loss was not in top 3
 Epoch 1, step 389: val_loss was not in top 3
 Epoch 2, step 404: val_loss was not in top 3
+Epoch 3, step 419: val_loss was not in top 3
+Epoch 4, step 434: val_loss was not in top 3
+Epoch 5, step 449: val_loss was not in top 3
diff --git a/experiment/config.yaml b/experiment/config.yaml
index 13b5035..342dec3 100644
--- a/experiment/config.yaml
+++ b/experiment/config.yaml
@@ -128,12 +128,12 @@ model:
         # unfrozen_layers: 1
     
     punct_head:
-        punct_num_fc_layers: 3
+        punct_num_fc_layers: 0
         fc_dropout: 0.1
         activation: 'gelu'
         log_softmax: false
         use_transformer_init: true
-        loss: 'dice'
+        loss: 'crf'
         bilstm: false
 
     domain_head:
diff --git a/experiment/info.log b/experiment/info.log
index 53b68be..b3df31c 100644
--- a/experiment/info.log
+++ b/experiment/info.log
@@ -3,1285 +3,3 @@
 [INFO] - TPU available: None, using: 0 TPU cores
 [INFO] - LOCAL_RANK: 0 - CUDA_VISIBLE_DEVICES: [0]
 [INFO] - Using native 16bit precision.
-[INFO] - shuffling train set
-[INFO] - Global seed set to 42
-[INFO] - initializing ddp: GLOBAL_RANK: 0, MEMBER: 1/1
-[INFO] - Optimizer config = AdamW (
-Parameter Group 0
-    amsgrad: False
-    betas: (0.9, 0.999)
-    eps: 1e-08
-    lr: 0.01
-    weight_decay: 0.0
-)
-[INFO] - Scheduler "<core.optim.lr_scheduler.CosineAnnealing object at 0x7f7d1ecb1dc0>" 
-will be used during training (effective maximum steps = 120) - 
-Parameters : 
-(warmup_steps: null
-warmup_ratio: 0.1
-min_lr: 1.0e-08
-last_epoch: -1
-max_steps: 120
-)
-[INFO] - 
-  | Name                       | Type                 | Params
---------------------------------------------------------------------
-0 | transformer                | ElectraModel         | 108 M 
-1 | punct_classifier           | TokenClassifier      | 1.2 M 
-2 | domain_classifier          | SequenceClassifier   | 1.5 K 
-3 | punctuation_loss           | FocalDiceLoss        | 0     
-4 | domain_loss                | CrossEntropyLoss     | 0     
-5 | agg_loss                   | AggregatorLoss       | 0     
-6 | punct_class_report         | ClassificationReport | 0     
-7 | chunked_punct_class_report | ClassificationReport | 0     
-8 | domain_class_report        | ClassificationReport | 0     
---------------------------------------------------------------------
-1.2 M     Trainable params
-108 M     Non-trainable params
-110 M     Total params
-[INFO] - Punctuation report: 
-label                                                precision    recall       f1           support   
- (label_id: 0)                                          72.16      40.48      51.86      18856
-# (label_id: 1)                                         25.55       9.28      13.62       2736
-, (label_id: 2)                                         24.54      36.22      29.26       4810
-. (label_id: 3)                                         11.07      31.49      16.38       2064
-? (label_id: 4)                                          0.05       3.57       0.10         56
--------------------
-micro avg                                               36.04      36.04      36.04      28522
-macro avg                                               26.68      24.21      22.24      28522
-weighted avg                                            55.10      36.04      41.71      28522
-
--------------------
-                       #           ,           .           ?
-     7632.00      1138.00      1294.00       502.00        10.00
-      694.00       254.00        40.00         6.00         0.00
-     3828.00       716.00      1742.00       786.00        26.00
-     3954.00       226.00      1024.00       650.00        18.00
-     2748.00       402.00       710.00       120.00         2.00
--------------------
-
-[INFO] - Domain report: 
-label                                                precision    recall       f1           support   
-0 (label_id: 0)                                          0.00       0.00       0.00          0
-1 (label_id: 1)                                        100.00      57.50      73.02        240
--------------------
-micro avg                                               57.50      57.50      57.50        240
-macro avg                                               50.00      28.75      36.51        240
-weighted avg                                           100.00      57.50      73.02        240
-
--------------------
-           0           1
-        0.00       102.00
-        0.00       138.00
--------------------
-
-[INFO] - Punctuation report: 
-label                                                precision    recall       f1           support   
- (label_id: 0)                                          95.24      88.58      91.79      65996
-# (label_id: 1)                                         86.67      96.93      91.51       9576
-, (label_id: 2)                                         70.39      68.11      69.23      16835
-. (label_id: 3)                                         48.96      77.62      60.04       7224
-? (label_id: 4)                                          0.00       0.00       0.00        196
--------------------
-micro avg                                               84.96      84.96      84.96      99827
-macro avg                                               60.25      66.25      62.52      99827
-weighted avg                                            86.69      84.96      85.48      99827
-
--------------------
-                       #           ,           .           ?
-    58457.00       203.00      2135.00       560.00        21.00
-     1358.00      9282.00        42.00        28.00         0.00
-     3738.00        28.00     11466.00      1029.00        28.00
-     2443.00        63.00      3192.00      5607.00       147.00
-        0.00         0.00         0.00         0.00         0.00
--------------------
-
-[INFO] - Domain report: 
-label                                                precision    recall       f1           support   
-0 (label_id: 0)                                          0.00       0.00       0.00          0
-1 (label_id: 1)                                        100.00     100.00     100.00        840
--------------------
-micro avg                                              100.00     100.00     100.00        840
-macro avg                                               50.00      50.00      50.00        840
-weighted avg                                           100.00     100.00     100.00        840
-
--------------------
-           0           1
-        0.00         0.00
-        0.00       840.00
--------------------
-
-[INFO] - Epoch 0, global step 14: val_loss reached 0.72398 (best 0.72398), saving model to "/home/nxingyu2/project/Punctuation_with_Domain_discriminator/2021-03-01_16-51-14/checkpoints/Punctuation_with_Domain_discriminator---val_loss=0.72-epoch=0.ckpt" as top 3
-[INFO] - Punctuation report: 
-label                                                precision    recall       f1           support   
- (label_id: 0)                                          95.19      90.92      93.01      65996
-# (label_id: 1)                                         89.70      98.03      93.68       9576
-, (label_id: 2)                                         75.53      66.49      70.72      16835
-. (label_id: 3)                                         49.76      79.26      61.14       7224
-? (label_id: 4)                                          0.00       0.00       0.00        196
--------------------
-micro avg                                               86.46      86.46      86.46      99827
-macro avg                                               62.04      66.94      63.71      99827
-weighted avg                                            87.87      86.46      86.82      99827
-
--------------------
-                       #           ,           .           ?
-    60004.00       105.00      2345.00       567.00        14.00
-     1015.00      9387.00        49.00        14.00         0.00
-     2667.00        14.00     11193.00       917.00        28.00
-     2310.00        70.00      3248.00      5726.00       154.00
-        0.00         0.00         0.00         0.00         0.00
--------------------
-
-[INFO] - Domain report: 
-label                                                precision    recall       f1           support   
-0 (label_id: 0)                                          0.00       0.00       0.00          0
-1 (label_id: 1)                                        100.00     100.00     100.00        840
--------------------
-micro avg                                              100.00     100.00     100.00        840
-macro avg                                               50.00      50.00      50.00        840
-weighted avg                                           100.00     100.00     100.00        840
-
--------------------
-           0           1
-        0.00         0.00
-        0.00       840.00
--------------------
-
-[INFO] - Epoch 1, global step 29: val_loss reached 0.72131 (best 0.72131), saving model to "/home/nxingyu2/project/Punctuation_with_Domain_discriminator/2021-03-01_16-51-14/checkpoints/Punctuation_with_Domain_discriminator---val_loss=0.72-epoch=1.ckpt" as top 3
-[INFO] - Punctuation report: 
-label                                                precision    recall       f1           support   
- (label_id: 0)                                          95.69      90.19      92.86      65996
-# (label_id: 1)                                         89.30      98.17      93.52       9576
-, (label_id: 2)                                         73.11      69.40      71.20      16835
-. (label_id: 3)                                         51.57      79.36      62.52       7224
-? (label_id: 4)                                          0.00       0.00       0.00        196
--------------------
-micro avg                                               86.49      86.49      86.49      99827
-macro avg                                               61.93      67.42      64.02      99827
-weighted avg                                            87.89      86.49      86.89      99827
-
--------------------
-                       #           ,           .           ?
-    59521.00        84.00      2072.00       518.00         7.00
-     1078.00      9401.00        42.00         7.00         0.00
-     3283.00        14.00     11683.00       966.00        35.00
-     2114.00        77.00      3038.00      5733.00       154.00
-        0.00         0.00         0.00         0.00         0.00
--------------------
-
-[INFO] - Domain report: 
-label                                                precision    recall       f1           support   
-0 (label_id: 0)                                          0.00       0.00       0.00          0
-1 (label_id: 1)                                        100.00     100.00     100.00        840
--------------------
-micro avg                                              100.00     100.00     100.00        840
-macro avg                                               50.00      50.00      50.00        840
-weighted avg                                           100.00     100.00     100.00        840
-
--------------------
-           0           1
-        0.00         0.00
-        0.00       840.00
--------------------
-
-[INFO] - Epoch 2, global step 44: val_loss reached 0.71956 (best 0.71956), saving model to "/home/nxingyu2/project/Punctuation_with_Domain_discriminator/2021-03-01_16-51-14/checkpoints/Punctuation_with_Domain_discriminator---val_loss=0.72-epoch=2.ckpt" as top 3
-[INFO] - Punctuation report: 
-label                                                precision    recall       f1           support   
- (label_id: 0)                                          96.11      89.40      92.64      65996
-# (label_id: 1)                                         91.25      96.78      93.93       9576
-, (label_id: 2)                                         74.22      67.40      70.65      16835
-. (label_id: 3)                                         47.58      85.56      61.15       7224
-? (label_id: 4)                                          0.00       0.00       0.00        196
--------------------
-micro avg                                               85.95      85.95      85.95      99827
-macro avg                                               61.83      67.83      63.67      99827
-weighted avg                                            88.25      85.95      86.59      99827
-
--------------------
-                       #           ,           .           ?
-    59003.00       217.00      1827.00       336.00         7.00
-      882.00      9268.00         7.00         0.00         0.00
-     3192.00        14.00     11347.00       707.00        28.00
-     2919.00        77.00      3654.00      6181.00       161.00
-        0.00         0.00         0.00         0.00         0.00
--------------------
-
-[INFO] - Domain report: 
-label                                                precision    recall       f1           support   
-0 (label_id: 0)                                          0.00       0.00       0.00          0
-1 (label_id: 1)                                        100.00     100.00     100.00        840
--------------------
-micro avg                                              100.00     100.00     100.00        840
-macro avg                                               50.00      50.00      50.00        840
-weighted avg                                           100.00     100.00     100.00        840
-
--------------------
-           0           1
-        0.00         0.00
-        0.00       840.00
--------------------
-
-[INFO] - Epoch 3, global step 59: val_loss reached 0.71935 (best 0.71935), saving model to "/home/nxingyu2/project/Punctuation_with_Domain_discriminator/2021-03-01_16-51-14/checkpoints/Punctuation_with_Domain_discriminator---val_loss=0.72-epoch=3.ckpt" as top 3
-[INFO] - Punctuation report: 
-label                                                precision    recall       f1           support   
- (label_id: 0)                                          96.42      89.30      92.72      65996
-# (label_id: 1)                                         88.78      98.32      93.31       9576
-, (label_id: 2)                                         75.70      68.77      72.07      16835
-. (label_id: 3)                                         48.00      85.08      61.38       7224
-? (label_id: 4)                                          0.00       0.00       0.00        196
--------------------
-micro avg                                               86.22      86.22      86.22      99827
-macro avg                                               61.78      68.29      63.89      99827
-weighted avg                                            88.50      86.22      86.84      99827
-
--------------------
-                       #           ,           .           ?
-    58933.00        70.00      1764.00       350.00         7.00
-     1169.00      9415.00        21.00         0.00         0.00
-     2947.00        14.00     11578.00       728.00        28.00
-     2947.00        77.00      3472.00      6146.00       161.00
-        0.00         0.00         0.00         0.00         0.00
--------------------
-
-[INFO] - Domain report: 
-label                                                precision    recall       f1           support   
-0 (label_id: 0)                                          0.00       0.00       0.00          0
-1 (label_id: 1)                                        100.00     100.00     100.00        840
--------------------
-micro avg                                              100.00     100.00     100.00        840
-macro avg                                               50.00      50.00      50.00        840
-weighted avg                                           100.00     100.00     100.00        840
-
--------------------
-           0           1
-        0.00         0.00
-        0.00       840.00
--------------------
-
-[INFO] - Epoch 4, global step 74: val_loss reached 0.71800 (best 0.71800), saving model to "/home/nxingyu2/project/Punctuation_with_Domain_discriminator/2021-03-01_16-51-14/checkpoints/Punctuation_with_Domain_discriminator---val_loss=0.72-epoch=4.ckpt" as top 3
-[INFO] - Punctuation report: 
-label                                                precision    recall       f1           support   
- (label_id: 0)                                          95.69      90.97      93.27      65996
-# (label_id: 1)                                         90.74      97.44      93.97       9576
-, (label_id: 2)                                         77.12      67.57      72.03      16835
-. (label_id: 3)                                         50.58      84.40      63.25       7224
-? (label_id: 4)                                          0.00       0.00       0.00        196
--------------------
-micro avg                                               86.99      86.99      86.99      99827
-macro avg                                               62.83      68.08      64.51      99827
-weighted avg                                            88.63      86.99      87.40      99827
-
--------------------
-                       #           ,           .           ?
-    60039.00       154.00      2065.00       476.00         7.00
-      945.00      9331.00         7.00         0.00         0.00
-     2681.00        14.00     11375.00       651.00        28.00
-     2331.00        77.00      3388.00      6097.00       161.00
-        0.00         0.00         0.00         0.00         0.00
--------------------
-
-[INFO] - Domain report: 
-label                                                precision    recall       f1           support   
-0 (label_id: 0)                                          0.00       0.00       0.00          0
-1 (label_id: 1)                                        100.00     100.00     100.00        840
--------------------
-micro avg                                              100.00     100.00     100.00        840
-macro avg                                               50.00      50.00      50.00        840
-weighted avg                                           100.00     100.00     100.00        840
-
--------------------
-           0           1
-        0.00         0.00
-        0.00       840.00
--------------------
-
-[INFO] - Epoch 5, global step 89: val_loss reached 0.71769 (best 0.71769), saving model to "/home/nxingyu2/project/Punctuation_with_Domain_discriminator/2021-03-01_16-51-14/checkpoints/Punctuation_with_Domain_discriminator---val_loss=0.72-epoch=5.ckpt" as top 3
-[INFO] - Punctuation report: 
-label                                                precision    recall       f1           support   
- (label_id: 0)                                          96.39      89.29      92.70      65996
-# (label_id: 1)                                         89.24      98.25      93.53       9576
-, (label_id: 2)                                         72.97      69.48      71.18      16835
-. (label_id: 3)                                         49.88      83.72      62.52       7224
-? (label_id: 4)                                          0.00       0.00       0.00        196
--------------------
-micro avg                                               86.23      86.23      86.23      99827
-macro avg                                               61.70      68.15      63.99      99827
-weighted avg                                            88.20      86.23      86.79      99827
-
--------------------
-                       #           ,           .           ?
-    58926.00        77.00      1701.00       420.00         7.00
-     1099.00      9408.00        35.00         0.00         0.00
-     3535.00        14.00     11697.00       756.00        28.00
-     2436.00        77.00      3402.00      6048.00       161.00
-        0.00         0.00         0.00         0.00         0.00
--------------------
-
-[INFO] - Domain report: 
-label                                                precision    recall       f1           support   
-0 (label_id: 0)                                          0.00       0.00       0.00          0
-1 (label_id: 1)                                        100.00     100.00     100.00        840
--------------------
-micro avg                                              100.00     100.00     100.00        840
-macro avg                                               50.00      50.00      50.00        840
-weighted avg                                           100.00     100.00     100.00        840
-
--------------------
-           0           1
-        0.00         0.00
-        0.00       840.00
--------------------
-
-[INFO] - Epoch 6, global step 104: val_loss reached 0.71801 (best 0.71769), saving model to "/home/nxingyu2/project/Punctuation_with_Domain_discriminator/2021-03-01_16-51-14/checkpoints/Punctuation_with_Domain_discriminator---val_loss=0.72-epoch=6.ckpt" as top 3
-[INFO] - Punctuation report: 
-label                                                precision    recall       f1           support   
- (label_id: 0)                                          96.26      89.58      92.80      65996
-# (label_id: 1)                                         89.12      98.25      93.46       9576
-, (label_id: 2)                                         73.74      68.90      71.24      16835
-. (label_id: 3)                                         50.06      84.01      62.74       7224
-? (label_id: 4)                                          0.00       0.00       0.00        196
--------------------
-micro avg                                               86.35      86.35      86.35      99827
-macro avg                                               61.84      68.15      64.05      99827
-weighted avg                                            88.25      86.35      86.87      99827
-
--------------------
-                       #           ,           .           ?
-    59122.00        77.00      1771.00       441.00         7.00
-     1106.00      9408.00        42.00         0.00         0.00
-     3374.00        14.00     11599.00       714.00        28.00
-     2394.00        77.00      3423.00      6069.00       161.00
-        0.00         0.00         0.00         0.00         0.00
--------------------
-
-[INFO] - Domain report: 
-label                                                precision    recall       f1           support   
-0 (label_id: 0)                                          0.00       0.00       0.00          0
-1 (label_id: 1)                                        100.00     100.00     100.00        840
--------------------
-micro avg                                              100.00     100.00     100.00        840
-macro avg                                               50.00      50.00      50.00        840
-weighted avg                                           100.00     100.00     100.00        840
-
--------------------
-           0           1
-        0.00         0.00
-        0.00       840.00
--------------------
-
-[INFO] - Epoch 7, global step 119: val_loss reached 0.71790 (best 0.71769), saving model to "/home/nxingyu2/project/Punctuation_with_Domain_discriminator/2021-03-01_16-51-14/checkpoints/Punctuation_with_Domain_discriminator---val_loss=0.72-epoch=7.ckpt" as top 3
-[INFO] - Saving latest checkpoint...
-[INFO] - Global seed set to 42
-[INFO] - Optimizer config = AdamW (
-Parameter Group 0
-    amsgrad: False
-    betas: (0.9, 0.999)
-    eps: 1e-08
-    lr: 0.001
-    weight_decay: 0.0
-)
-[INFO] - Scheduler "<core.optim.lr_scheduler.CosineAnnealing object at 0x7f7d1f57bdc0>" 
-will be used during training (effective maximum steps = 120) - 
-Parameters : 
-(warmup_steps: null
-warmup_ratio: 0.1
-min_lr: 1.0e-08
-last_epoch: -1
-max_steps: 120
-)
-[INFO] - 
-  | Name                       | Type                 | Params
---------------------------------------------------------------------
-0 | transformer                | ElectraModel         | 108 M 
-1 | punct_classifier           | TokenClassifier      | 1.2 M 
-2 | domain_classifier          | SequenceClassifier   | 1.5 K 
-3 | punctuation_loss           | FocalDiceLoss        | 0     
-4 | domain_loss                | CrossEntropyLoss     | 0     
-5 | agg_loss                   | AggregatorLoss       | 0     
-6 | punct_class_report         | ClassificationReport | 0     
-7 | chunked_punct_class_report | ClassificationReport | 0     
-8 | domain_class_report        | ClassificationReport | 0     
---------------------------------------------------------------------
-8.3 M     Trainable params
-101 M     Non-trainable params
-110 M     Total params
-[INFO] - Punctuation report: 
-label                                                precision    recall       f1           support   
- (label_id: 0)                                          96.26      89.58      92.80      18856
-# (label_id: 1)                                         89.12      98.25      93.46       2736
-, (label_id: 2)                                         73.74      68.90      71.24       4810
-. (label_id: 3)                                         50.06      84.01      62.74       2064
-? (label_id: 4)                                          0.00       0.00       0.00         56
--------------------
-micro avg                                               86.35      86.35      86.35      28522
-macro avg                                               61.84      68.15      64.05      28522
-weighted avg                                            88.25      86.35      86.87      28522
-
--------------------
-                       #           ,           .           ?
-    16892.00        22.00       506.00       126.00         2.00
-      316.00      2688.00        12.00         0.00         0.00
-      964.00         4.00      3314.00       204.00         8.00
-      684.00        22.00       978.00      1734.00        46.00
-        0.00         0.00         0.00         0.00         0.00
--------------------
-
-[INFO] - Domain report: 
-label                                                precision    recall       f1           support   
-0 (label_id: 0)                                          0.00       0.00       0.00          0
-1 (label_id: 1)                                        100.00     100.00     100.00        240
--------------------
-micro avg                                              100.00     100.00     100.00        240
-macro avg                                               50.00      50.00      50.00        240
-weighted avg                                           100.00     100.00     100.00        240
-
--------------------
-           0           1
-        0.00         0.00
-        0.00       240.00
--------------------
-
-[INFO] - Punctuation report: 
-label                                                precision    recall       f1           support   
- (label_id: 0)                                          96.26      89.58      92.80      65996
-# (label_id: 1)                                         89.12      98.25      93.46       9576
-, (label_id: 2)                                         73.74      68.90      71.24      16835
-. (label_id: 3)                                         50.06      84.01      62.74       7224
-? (label_id: 4)                                          0.00       0.00       0.00        196
--------------------
-micro avg                                               86.35      86.35      86.35      99827
-macro avg                                               61.84      68.15      64.05      99827
-weighted avg                                            88.25      86.35      86.87      99827
-
--------------------
-                       #           ,           .           ?
-    59122.00        77.00      1771.00       441.00         7.00
-     1106.00      9408.00        42.00         0.00         0.00
-     3374.00        14.00     11599.00       714.00        28.00
-     2394.00        77.00      3423.00      6069.00       161.00
-        0.00         0.00         0.00         0.00         0.00
--------------------
-
-[INFO] - Domain report: 
-label                                                precision    recall       f1           support   
-0 (label_id: 0)                                          0.00       0.00       0.00          0
-1 (label_id: 1)                                        100.00     100.00     100.00        840
--------------------
-micro avg                                              100.00     100.00     100.00        840
-macro avg                                               50.00      50.00      50.00        840
-weighted avg                                           100.00     100.00     100.00        840
-
--------------------
-           0           1
-        0.00         0.00
-        0.00       840.00
--------------------
-
-[INFO] - Epoch 0, global step 134: val_loss reached 0.71790 (best 0.71769), saving model to "/home/nxingyu2/project/Punctuation_with_Domain_discriminator/2021-03-01_16-51-14/checkpoints/Punctuation_with_Domain_discriminator---val_loss=0.72-epoch=0.ckpt" as top 3
-[INFO] - Punctuation report: 
-label                                                precision    recall       f1           support   
- (label_id: 0)                                          96.26      89.58      92.80      65996
-# (label_id: 1)                                         89.12      98.25      93.46       9576
-, (label_id: 2)                                         73.74      68.90      71.24      16835
-. (label_id: 3)                                         50.06      84.01      62.74       7224
-? (label_id: 4)                                          0.00       0.00       0.00        196
--------------------
-micro avg                                               86.35      86.35      86.35      99827
-macro avg                                               61.84      68.15      64.05      99827
-weighted avg                                            88.25      86.35      86.87      99827
-
--------------------
-                       #           ,           .           ?
-    59122.00        77.00      1771.00       441.00         7.00
-     1106.00      9408.00        42.00         0.00         0.00
-     3374.00        14.00     11599.00       714.00        28.00
-     2394.00        77.00      3423.00      6069.00       161.00
-        0.00         0.00         0.00         0.00         0.00
--------------------
-
-[INFO] - Domain report: 
-label                                                precision    recall       f1           support   
-0 (label_id: 0)                                          0.00       0.00       0.00          0
-1 (label_id: 1)                                        100.00     100.00     100.00        840
--------------------
-micro avg                                              100.00     100.00     100.00        840
-macro avg                                               50.00      50.00      50.00        840
-weighted avg                                           100.00     100.00     100.00        840
-
--------------------
-           0           1
-        0.00         0.00
-        0.00       840.00
--------------------
-
-[INFO] - Epoch 1, global step 149: val_loss reached 0.71790 (best 0.71769), saving model to "/home/nxingyu2/project/Punctuation_with_Domain_discriminator/2021-03-01_16-51-14/checkpoints/Punctuation_with_Domain_discriminator---val_loss=0.72-epoch=1.ckpt" as top 3
-[INFO] - Punctuation report: 
-label                                                precision    recall       f1           support   
- (label_id: 0)                                          96.27      89.58      92.81      65996
-# (label_id: 1)                                         89.13      98.32      93.50       9576
-, (label_id: 2)                                         73.74      68.90      71.24      16835
-. (label_id: 3)                                         50.06      84.01      62.74       7224
-? (label_id: 4)                                          0.00       0.00       0.00        196
--------------------
-micro avg                                               86.35      86.35      86.35      99827
-macro avg                                               61.84      68.16      64.06      99827
-weighted avg                                            88.25      86.35      86.88      99827
-
--------------------
-                       #           ,           .           ?
-    59122.00        70.00      1771.00       441.00         7.00
-     1106.00      9415.00        42.00         0.00         0.00
-     3374.00        14.00     11599.00       714.00        28.00
-     2394.00        77.00      3423.00      6069.00       161.00
-        0.00         0.00         0.00         0.00         0.00
--------------------
-
-[INFO] - Domain report: 
-label                                                precision    recall       f1           support   
-0 (label_id: 0)                                          0.00       0.00       0.00          0
-1 (label_id: 1)                                        100.00     100.00     100.00        840
--------------------
-micro avg                                              100.00     100.00     100.00        840
-macro avg                                               50.00      50.00      50.00        840
-weighted avg                                           100.00     100.00     100.00        840
-
--------------------
-           0           1
-        0.00         0.00
-        0.00       840.00
--------------------
-
-[INFO] - Epoch 2, global step 164: val_loss reached 0.71790 (best 0.71769), saving model to "/home/nxingyu2/project/Punctuation_with_Domain_discriminator/2021-03-01_16-51-14/checkpoints/Punctuation_with_Domain_discriminator---val_loss=0.72-epoch=2.ckpt" as top 3
-[INFO] - Punctuation report: 
-label                                                precision    recall       f1           support   
- (label_id: 0)                                          96.26      89.58      92.80      65996
-# (label_id: 1)                                         89.12      98.25      93.46       9576
-, (label_id: 2)                                         73.74      68.90      71.24      16835
-. (label_id: 3)                                         50.06      84.01      62.74       7224
-? (label_id: 4)                                          0.00       0.00       0.00        196
--------------------
-micro avg                                               86.35      86.35      86.35      99827
-macro avg                                               61.84      68.15      64.05      99827
-weighted avg                                            88.25      86.35      86.87      99827
-
--------------------
-                       #           ,           .           ?
-    59122.00        77.00      1771.00       441.00         7.00
-     1106.00      9408.00        42.00         0.00         0.00
-     3374.00        14.00     11599.00       714.00        28.00
-     2394.00        77.00      3423.00      6069.00       161.00
-        0.00         0.00         0.00         0.00         0.00
--------------------
-
-[INFO] - Domain report: 
-label                                                precision    recall       f1           support   
-0 (label_id: 0)                                          0.00       0.00       0.00          0
-1 (label_id: 1)                                        100.00     100.00     100.00        840
--------------------
-micro avg                                              100.00     100.00     100.00        840
-macro avg                                               50.00      50.00      50.00        840
-weighted avg                                           100.00     100.00     100.00        840
-
--------------------
-           0           1
-        0.00         0.00
-        0.00       840.00
--------------------
-
-[INFO] - Epoch 3, step 179: val_loss was not in top 3
-[INFO] - Punctuation report: 
-label                                                precision    recall       f1           support   
- (label_id: 0)                                          96.26      89.58      92.80      65996
-# (label_id: 1)                                         89.12      98.25      93.46       9576
-, (label_id: 2)                                         73.74      68.90      71.24      16835
-. (label_id: 3)                                         50.06      84.01      62.74       7224
-? (label_id: 4)                                          0.00       0.00       0.00        196
--------------------
-micro avg                                               86.35      86.35      86.35      99827
-macro avg                                               61.84      68.15      64.05      99827
-weighted avg                                            88.25      86.35      86.87      99827
-
--------------------
-                       #           ,           .           ?
-    59122.00        77.00      1771.00       441.00         7.00
-     1106.00      9408.00        42.00         0.00         0.00
-     3374.00        14.00     11599.00       714.00        28.00
-     2394.00        77.00      3423.00      6069.00       161.00
-        0.00         0.00         0.00         0.00         0.00
--------------------
-
-[INFO] - Domain report: 
-label                                                precision    recall       f1           support   
-0 (label_id: 0)                                          0.00       0.00       0.00          0
-1 (label_id: 1)                                        100.00     100.00     100.00        840
--------------------
-micro avg                                              100.00     100.00     100.00        840
-macro avg                                               50.00      50.00      50.00        840
-weighted avg                                           100.00     100.00     100.00        840
-
--------------------
-           0           1
-        0.00         0.00
-        0.00       840.00
--------------------
-
-[INFO] - Epoch 4, step 194: val_loss was not in top 3
-[INFO] - Punctuation report: 
-label                                                precision    recall       f1           support   
- (label_id: 0)                                          96.26      89.58      92.80      65996
-# (label_id: 1)                                         89.12      98.25      93.46       9576
-, (label_id: 2)                                         73.74      68.90      71.24      16835
-. (label_id: 3)                                         50.06      84.01      62.74       7224
-? (label_id: 4)                                          0.00       0.00       0.00        196
--------------------
-micro avg                                               86.35      86.35      86.35      99827
-macro avg                                               61.84      68.15      64.05      99827
-weighted avg                                            88.25      86.35      86.87      99827
-
--------------------
-                       #           ,           .           ?
-    59122.00        77.00      1771.00       441.00         7.00
-     1106.00      9408.00        42.00         0.00         0.00
-     3374.00        14.00     11599.00       714.00        28.00
-     2394.00        77.00      3423.00      6069.00       161.00
-        0.00         0.00         0.00         0.00         0.00
--------------------
-
-[INFO] - Domain report: 
-label                                                precision    recall       f1           support   
-0 (label_id: 0)                                          0.00       0.00       0.00          0
-1 (label_id: 1)                                        100.00     100.00     100.00        840
--------------------
-micro avg                                              100.00     100.00     100.00        840
-macro avg                                               50.00      50.00      50.00        840
-weighted avg                                           100.00     100.00     100.00        840
-
--------------------
-           0           1
-        0.00         0.00
-        0.00       840.00
--------------------
-
-[INFO] - Epoch 5, global step 209: val_loss reached 0.71790 (best 0.71769), saving model to "/home/nxingyu2/project/Punctuation_with_Domain_discriminator/2021-03-01_16-51-14/checkpoints/Punctuation_with_Domain_discriminator---val_loss=0.72-epoch=5-v0.ckpt" as top 3
-[INFO] - Punctuation report: 
-label                                                precision    recall       f1           support   
- (label_id: 0)                                          96.26      89.58      92.80      65996
-# (label_id: 1)                                         89.12      98.25      93.46       9576
-, (label_id: 2)                                         73.74      68.90      71.24      16835
-. (label_id: 3)                                         50.06      84.01      62.74       7224
-? (label_id: 4)                                          0.00       0.00       0.00        196
--------------------
-micro avg                                               86.35      86.35      86.35      99827
-macro avg                                               61.84      68.15      64.05      99827
-weighted avg                                            88.25      86.35      86.87      99827
-
--------------------
-                       #           ,           .           ?
-    59122.00        77.00      1771.00       441.00         7.00
-     1106.00      9408.00        42.00         0.00         0.00
-     3374.00        14.00     11599.00       714.00        28.00
-     2394.00        77.00      3423.00      6069.00       161.00
-        0.00         0.00         0.00         0.00         0.00
--------------------
-
-[INFO] - Domain report: 
-label                                                precision    recall       f1           support   
-0 (label_id: 0)                                          0.00       0.00       0.00          0
-1 (label_id: 1)                                        100.00     100.00     100.00        840
--------------------
-micro avg                                              100.00     100.00     100.00        840
-macro avg                                               50.00      50.00      50.00        840
-weighted avg                                           100.00     100.00     100.00        840
-
--------------------
-           0           1
-        0.00         0.00
-        0.00       840.00
--------------------
-
-[INFO] - Epoch 6, step 224: val_loss was not in top 3
-[INFO] - Punctuation report: 
-label                                                precision    recall       f1           support   
- (label_id: 0)                                          96.26      89.58      92.80      65996
-# (label_id: 1)                                         89.12      98.25      93.46       9576
-, (label_id: 2)                                         73.74      68.90      71.24      16835
-. (label_id: 3)                                         50.06      84.01      62.74       7224
-? (label_id: 4)                                          0.00       0.00       0.00        196
--------------------
-micro avg                                               86.35      86.35      86.35      99827
-macro avg                                               61.84      68.15      64.05      99827
-weighted avg                                            88.25      86.35      86.87      99827
-
--------------------
-                       #           ,           .           ?
-    59122.00        77.00      1771.00       441.00         7.00
-     1106.00      9408.00        42.00         0.00         0.00
-     3374.00        14.00     11599.00       714.00        28.00
-     2394.00        77.00      3423.00      6069.00       161.00
-        0.00         0.00         0.00         0.00         0.00
--------------------
-
-[INFO] - Domain report: 
-label                                                precision    recall       f1           support   
-0 (label_id: 0)                                          0.00       0.00       0.00          0
-1 (label_id: 1)                                        100.00     100.00     100.00        840
--------------------
-micro avg                                              100.00     100.00     100.00        840
-macro avg                                               50.00      50.00      50.00        840
-weighted avg                                           100.00     100.00     100.00        840
-
--------------------
-           0           1
-        0.00         0.00
-        0.00       840.00
--------------------
-
-[INFO] - Epoch 7, step 239: val_loss was not in top 3
-[INFO] - Global seed set to 42
-[INFO] - Optimizer config = AdamW (
-Parameter Group 0
-    amsgrad: False
-    betas: (0.9, 0.999)
-    eps: 1e-08
-    lr: 0.0001
-    weight_decay: 0.0
-)
-[INFO] - Scheduler "<core.optim.lr_scheduler.CosineAnnealing object at 0x7f7ce4084eb0>" 
-will be used during training (effective maximum steps = 120) - 
-Parameters : 
-(warmup_steps: null
-warmup_ratio: 0.1
-min_lr: 1.0e-08
-last_epoch: -1
-max_steps: 120
-)
-[INFO] - 
-  | Name                       | Type                 | Params
---------------------------------------------------------------------
-0 | transformer                | ElectraModel         | 108 M 
-1 | punct_classifier           | TokenClassifier      | 1.2 M 
-2 | domain_classifier          | SequenceClassifier   | 1.5 K 
-3 | punctuation_loss           | FocalDiceLoss        | 0     
-4 | domain_loss                | CrossEntropyLoss     | 0     
-5 | agg_loss                   | AggregatorLoss       | 0     
-6 | punct_class_report         | ClassificationReport | 0     
-7 | chunked_punct_class_report | ClassificationReport | 0     
-8 | domain_class_report        | ClassificationReport | 0     
---------------------------------------------------------------------
-15.4 M    Trainable params
-94.7 M    Non-trainable params
-110 M     Total params
-[INFO] - Punctuation report: 
-label                                                precision    recall       f1           support   
- (label_id: 0)                                          96.26      89.58      92.80      18856
-# (label_id: 1)                                         89.12      98.25      93.46       2736
-, (label_id: 2)                                         73.74      68.90      71.24       4810
-. (label_id: 3)                                         50.06      84.01      62.74       2064
-? (label_id: 4)                                          0.00       0.00       0.00         56
--------------------
-micro avg                                               86.35      86.35      86.35      28522
-macro avg                                               61.84      68.15      64.05      28522
-weighted avg                                            88.25      86.35      86.87      28522
-
--------------------
-                       #           ,           .           ?
-    16892.00        22.00       506.00       126.00         2.00
-      316.00      2688.00        12.00         0.00         0.00
-      964.00         4.00      3314.00       204.00         8.00
-      684.00        22.00       978.00      1734.00        46.00
-        0.00         0.00         0.00         0.00         0.00
--------------------
-
-[INFO] - Domain report: 
-label                                                precision    recall       f1           support   
-0 (label_id: 0)                                          0.00       0.00       0.00          0
-1 (label_id: 1)                                        100.00     100.00     100.00        240
--------------------
-micro avg                                              100.00     100.00     100.00        240
-macro avg                                               50.00      50.00      50.00        240
-weighted avg                                           100.00     100.00     100.00        240
-
--------------------
-           0           1
-        0.00         0.00
-        0.00       240.00
--------------------
-
-[INFO] - Punctuation report: 
-label                                                precision    recall       f1           support   
- (label_id: 0)                                          96.26      89.58      92.80      65996
-# (label_id: 1)                                         89.12      98.25      93.46       9576
-, (label_id: 2)                                         73.74      68.90      71.24      16835
-. (label_id: 3)                                         50.06      84.01      62.74       7224
-? (label_id: 4)                                          0.00       0.00       0.00        196
--------------------
-micro avg                                               86.35      86.35      86.35      99827
-macro avg                                               61.84      68.15      64.05      99827
-weighted avg                                            88.25      86.35      86.87      99827
-
--------------------
-                       #           ,           .           ?
-    59122.00        77.00      1771.00       441.00         7.00
-     1106.00      9408.00        42.00         0.00         0.00
-     3374.00        14.00     11599.00       714.00        28.00
-     2394.00        77.00      3423.00      6069.00       161.00
-        0.00         0.00         0.00         0.00         0.00
--------------------
-
-[INFO] - Domain report: 
-label                                                precision    recall       f1           support   
-0 (label_id: 0)                                          0.00       0.00       0.00          0
-1 (label_id: 1)                                        100.00     100.00     100.00        840
--------------------
-micro avg                                              100.00     100.00     100.00        840
-macro avg                                               50.00      50.00      50.00        840
-weighted avg                                           100.00     100.00     100.00        840
-
--------------------
-           0           1
-        0.00         0.00
-        0.00       840.00
--------------------
-
-[INFO] - Epoch 0, step 254: val_loss was not in top 3
-[INFO] - Punctuation report: 
-label                                                precision    recall       f1           support   
- (label_id: 0)                                          96.26      89.58      92.80      65996
-# (label_id: 1)                                         89.12      98.25      93.46       9576
-, (label_id: 2)                                         73.74      68.90      71.24      16835
-. (label_id: 3)                                         50.06      84.01      62.74       7224
-? (label_id: 4)                                          0.00       0.00       0.00        196
--------------------
-micro avg                                               86.35      86.35      86.35      99827
-macro avg                                               61.84      68.15      64.05      99827
-weighted avg                                            88.25      86.35      86.87      99827
-
--------------------
-                       #           ,           .           ?
-    59122.00        77.00      1771.00       441.00         7.00
-     1106.00      9408.00        42.00         0.00         0.00
-     3374.00        14.00     11599.00       714.00        28.00
-     2394.00        77.00      3423.00      6069.00       161.00
-        0.00         0.00         0.00         0.00         0.00
--------------------
-
-[INFO] - Domain report: 
-label                                                precision    recall       f1           support   
-0 (label_id: 0)                                          0.00       0.00       0.00          0
-1 (label_id: 1)                                        100.00     100.00     100.00        840
--------------------
-micro avg                                              100.00     100.00     100.00        840
-macro avg                                               50.00      50.00      50.00        840
-weighted avg                                           100.00     100.00     100.00        840
-
--------------------
-           0           1
-        0.00         0.00
-        0.00       840.00
--------------------
-
-[INFO] - Epoch 1, step 269: val_loss was not in top 3
-[INFO] - Punctuation report: 
-label                                                precision    recall       f1           support   
- (label_id: 0)                                          96.27      89.58      92.81      65996
-# (label_id: 1)                                         89.13      98.32      93.50       9576
-, (label_id: 2)                                         73.74      68.90      71.24      16835
-. (label_id: 3)                                         50.06      84.01      62.74       7224
-? (label_id: 4)                                          0.00       0.00       0.00        196
--------------------
-micro avg                                               86.35      86.35      86.35      99827
-macro avg                                               61.84      68.16      64.06      99827
-weighted avg                                            88.25      86.35      86.88      99827
-
--------------------
-                       #           ,           .           ?
-    59122.00        70.00      1771.00       441.00         7.00
-     1106.00      9415.00        42.00         0.00         0.00
-     3374.00        14.00     11599.00       714.00        28.00
-     2394.00        77.00      3423.00      6069.00       161.00
-        0.00         0.00         0.00         0.00         0.00
--------------------
-
-[INFO] - Domain report: 
-label                                                precision    recall       f1           support   
-0 (label_id: 0)                                          0.00       0.00       0.00          0
-1 (label_id: 1)                                        100.00     100.00     100.00        840
--------------------
-micro avg                                              100.00     100.00     100.00        840
-macro avg                                               50.00      50.00      50.00        840
-weighted avg                                           100.00     100.00     100.00        840
-
--------------------
-           0           1
-        0.00         0.00
-        0.00       840.00
--------------------
-
-[INFO] - Epoch 2, global step 284: val_loss reached 0.71790 (best 0.71769), saving model to "/home/nxingyu2/project/Punctuation_with_Domain_discriminator/2021-03-01_16-51-14/checkpoints/Punctuation_with_Domain_discriminator---val_loss=0.72-epoch=2-v0.ckpt" as top 3
-[INFO] - Punctuation report: 
-label                                                precision    recall       f1           support   
- (label_id: 0)                                          96.27      89.58      92.81      65996
-# (label_id: 1)                                         89.13      98.32      93.50       9576
-, (label_id: 2)                                         73.74      68.90      71.24      16835
-. (label_id: 3)                                         50.06      84.01      62.74       7224
-? (label_id: 4)                                          0.00       0.00       0.00        196
--------------------
-micro avg                                               86.35      86.35      86.35      99827
-macro avg                                               61.84      68.16      64.06      99827
-weighted avg                                            88.25      86.35      86.88      99827
-
--------------------
-                       #           ,           .           ?
-    59122.00        70.00      1771.00       441.00         7.00
-     1106.00      9415.00        42.00         0.00         0.00
-     3374.00        14.00     11599.00       714.00        28.00
-     2394.00        77.00      3423.00      6069.00       161.00
-        0.00         0.00         0.00         0.00         0.00
--------------------
-
-[INFO] - Domain report: 
-label                                                precision    recall       f1           support   
-0 (label_id: 0)                                          0.00       0.00       0.00          0
-1 (label_id: 1)                                        100.00     100.00     100.00        840
--------------------
-micro avg                                              100.00     100.00     100.00        840
-macro avg                                               50.00      50.00      50.00        840
-weighted avg                                           100.00     100.00     100.00        840
-
--------------------
-           0           1
-        0.00         0.00
-        0.00       840.00
--------------------
-
-[INFO] - Epoch 3, step 299: val_loss was not in top 3
-[INFO] - Punctuation report: 
-label                                                precision    recall       f1           support   
- (label_id: 0)                                          96.26      89.58      92.80      65996
-# (label_id: 1)                                         89.12      98.25      93.46       9576
-, (label_id: 2)                                         73.74      68.90      71.24      16835
-. (label_id: 3)                                         50.06      84.01      62.74       7224
-? (label_id: 4)                                          0.00       0.00       0.00        196
--------------------
-micro avg                                               86.35      86.35      86.35      99827
-macro avg                                               61.84      68.15      64.05      99827
-weighted avg                                            88.25      86.35      86.87      99827
-
--------------------
-                       #           ,           .           ?
-    59122.00        77.00      1771.00       441.00         7.00
-     1106.00      9408.00        42.00         0.00         0.00
-     3374.00        14.00     11599.00       714.00        28.00
-     2394.00        77.00      3423.00      6069.00       161.00
-        0.00         0.00         0.00         0.00         0.00
--------------------
-
-[INFO] - Domain report: 
-label                                                precision    recall       f1           support   
-0 (label_id: 0)                                          0.00       0.00       0.00          0
-1 (label_id: 1)                                        100.00     100.00     100.00        840
--------------------
-micro avg                                              100.00     100.00     100.00        840
-macro avg                                               50.00      50.00      50.00        840
-weighted avg                                           100.00     100.00     100.00        840
-
--------------------
-           0           1
-        0.00         0.00
-        0.00       840.00
--------------------
-
-[INFO] - Epoch 4, step 314: val_loss was not in top 3
-[INFO] - Punctuation report: 
-label                                                precision    recall       f1           support   
- (label_id: 0)                                          96.27      89.58      92.81      65996
-# (label_id: 1)                                         89.13      98.32      93.50       9576
-, (label_id: 2)                                         73.74      68.90      71.24      16835
-. (label_id: 3)                                         50.06      84.01      62.74       7224
-? (label_id: 4)                                          0.00       0.00       0.00        196
--------------------
-micro avg                                               86.35      86.35      86.35      99827
-macro avg                                               61.84      68.16      64.06      99827
-weighted avg                                            88.25      86.35      86.88      99827
-
--------------------
-                       #           ,           .           ?
-    59122.00        70.00      1771.00       441.00         7.00
-     1106.00      9415.00        42.00         0.00         0.00
-     3374.00        14.00     11599.00       714.00        28.00
-     2394.00        77.00      3423.00      6069.00       161.00
-        0.00         0.00         0.00         0.00         0.00
--------------------
-
-[INFO] - Domain report: 
-label                                                precision    recall       f1           support   
-0 (label_id: 0)                                          0.00       0.00       0.00          0
-1 (label_id: 1)                                        100.00     100.00     100.00        840
--------------------
-micro avg                                              100.00     100.00     100.00        840
-macro avg                                               50.00      50.00      50.00        840
-weighted avg                                           100.00     100.00     100.00        840
-
--------------------
-           0           1
-        0.00         0.00
-        0.00       840.00
--------------------
-
-[INFO] - Epoch 5, global step 329: val_loss reached 0.71789 (best 0.71769), saving model to "/home/nxingyu2/project/Punctuation_with_Domain_discriminator/2021-03-01_16-51-14/checkpoints/Punctuation_with_Domain_discriminator---val_loss=0.72-epoch=5-v0.ckpt" as top 3
-[INFO] - Punctuation report: 
-label                                                precision    recall       f1           support   
- (label_id: 0)                                          96.26      89.58      92.80      65996
-# (label_id: 1)                                         89.12      98.25      93.46       9576
-, (label_id: 2)                                         73.74      68.90      71.24      16835
-. (label_id: 3)                                         50.06      84.01      62.74       7224
-? (label_id: 4)                                          0.00       0.00       0.00        196
--------------------
-micro avg                                               86.35      86.35      86.35      99827
-macro avg                                               61.84      68.15      64.05      99827
-weighted avg                                            88.25      86.35      86.87      99827
-
--------------------
-                       #           ,           .           ?
-    59122.00        77.00      1771.00       441.00         7.00
-     1106.00      9408.00        42.00         0.00         0.00
-     3374.00        14.00     11599.00       714.00        28.00
-     2394.00        77.00      3423.00      6069.00       161.00
-        0.00         0.00         0.00         0.00         0.00
--------------------
-
-[INFO] - Domain report: 
-label                                                precision    recall       f1           support   
-0 (label_id: 0)                                          0.00       0.00       0.00          0
-1 (label_id: 1)                                        100.00     100.00     100.00        840
--------------------
-micro avg                                              100.00     100.00     100.00        840
-macro avg                                               50.00      50.00      50.00        840
-weighted avg                                           100.00     100.00     100.00        840
-
--------------------
-           0           1
-        0.00         0.00
-        0.00       840.00
--------------------
-
-[INFO] - Epoch 6, global step 344: val_loss reached 0.71790 (best 0.71769), saving model to "/home/nxingyu2/project/Punctuation_with_Domain_discriminator/2021-03-01_16-51-14/checkpoints/Punctuation_with_Domain_discriminator---val_loss=0.72-epoch=6.ckpt" as top 3
-[INFO] - Punctuation report: 
-label                                                precision    recall       f1           support   
- (label_id: 0)                                          96.27      89.58      92.81      65996
-# (label_id: 1)                                         89.12      98.25      93.46       9576
-, (label_id: 2)                                         73.71      68.90      71.22      16835
-. (label_id: 3)                                         50.06      84.01      62.74       7224
-? (label_id: 4)                                          0.00       0.00       0.00        196
--------------------
-micro avg                                               86.35      86.35      86.35      99827
-macro avg                                               61.83      68.15      64.05      99827
-weighted avg                                            88.25      86.35      86.87      99827
-
--------------------
-                       #           ,           .           ?
-    59122.00        77.00      1771.00       434.00         7.00
-     1106.00      9408.00        42.00         0.00         0.00
-     3374.00        14.00     11599.00       721.00        28.00
-     2394.00        77.00      3423.00      6069.00       161.00
-        0.00         0.00         0.00         0.00         0.00
--------------------
-
-[INFO] - Domain report: 
-label                                                precision    recall       f1           support   
-0 (label_id: 0)                                          0.00       0.00       0.00          0
-1 (label_id: 1)                                        100.00     100.00     100.00        840
--------------------
-micro avg                                              100.00     100.00     100.00        840
-macro avg                                               50.00      50.00      50.00        840
-weighted avg                                           100.00     100.00     100.00        840
-
--------------------
-           0           1
-        0.00         0.00
-        0.00       840.00
--------------------
-
-[INFO] - Epoch 7, step 359: val_loss was not in top 3
-[INFO] - Global seed set to 42
-[INFO] - Optimizer config = AdamW (
-Parameter Group 0
-    amsgrad: False
-    betas: (0.9, 0.999)
-    eps: 1e-08
-    lr: 0.0001
-    weight_decay: 0.0
-)
-[INFO] - Scheduler "<core.optim.lr_scheduler.CosineAnnealing object at 0x7f7ce7e7a220>" 
-will be used during training (effective maximum steps = 120) - 
-Parameters : 
-(warmup_steps: null
-warmup_ratio: 0.1
-min_lr: 1.0e-08
-last_epoch: -1
-max_steps: 120
-)
-[INFO] - 
-  | Name                       | Type                 | Params
---------------------------------------------------------------------
-0 | transformer                | ElectraModel         | 108 M 
-1 | punct_classifier           | TokenClassifier      | 1.2 M 
-2 | domain_classifier          | SequenceClassifier   | 1.5 K 
-3 | punctuation_loss           | FocalDiceLoss        | 0     
-4 | domain_loss                | CrossEntropyLoss     | 0     
-5 | agg_loss                   | AggregatorLoss       | 0     
-6 | punct_class_report         | ClassificationReport | 0     
-7 | chunked_punct_class_report | ClassificationReport | 0     
-8 | domain_class_report        | ClassificationReport | 0     
---------------------------------------------------------------------
-22.5 M    Trainable params
-87.6 M    Non-trainable params
-110 M     Total params
-[INFO] - Punctuation report: 
-label                                                precision    recall       f1           support   
- (label_id: 0)                                          96.27      89.58      92.81      18856
-# (label_id: 1)                                         89.12      98.25      93.46       2736
-, (label_id: 2)                                         73.71      68.90      71.22       4810
-. (label_id: 3)                                         50.06      84.01      62.74       2064
-? (label_id: 4)                                          0.00       0.00       0.00         56
--------------------
-micro avg                                               86.35      86.35      86.35      28522
-macro avg                                               61.83      68.15      64.05      28522
-weighted avg                                            88.25      86.35      86.87      28522
-
--------------------
-                       #           ,           .           ?
-    16892.00        22.00       506.00       124.00         2.00
-      316.00      2688.00        12.00         0.00         0.00
-      964.00         4.00      3314.00       206.00         8.00
-      684.00        22.00       978.00      1734.00        46.00
-        0.00         0.00         0.00         0.00         0.00
--------------------
-
-[INFO] - Domain report: 
-label                                                precision    recall       f1           support   
-0 (label_id: 0)                                          0.00       0.00       0.00          0
-1 (label_id: 1)                                        100.00     100.00     100.00        240
--------------------
-micro avg                                              100.00     100.00     100.00        240
-macro avg                                               50.00      50.00      50.00        240
-weighted avg                                           100.00     100.00     100.00        240
-
--------------------
-           0           1
-        0.00         0.00
-        0.00       240.00
--------------------
-
-[INFO] - Punctuation report: 
-label                                                precision    recall       f1           support   
- (label_id: 0)                                          96.27      89.58      92.81      65996
-# (label_id: 1)                                         89.12      98.25      93.46       9576
-, (label_id: 2)                                         73.71      68.90      71.22      16835
-. (label_id: 3)                                         50.06      84.01      62.74       7224
-? (label_id: 4)                                          0.00       0.00       0.00        196
--------------------
-micro avg                                               86.35      86.35      86.35      99827
-macro avg                                               61.83      68.15      64.05      99827
-weighted avg                                            88.25      86.35      86.87      99827
-
--------------------
-                       #           ,           .           ?
-    59122.00        77.00      1771.00       434.00         7.00
-     1106.00      9408.00        42.00         0.00         0.00
-     3374.00        14.00     11599.00       721.00        28.00
-     2394.00        77.00      3423.00      6069.00       161.00
-        0.00         0.00         0.00         0.00         0.00
--------------------
-
-[INFO] - Domain report: 
-label                                                precision    recall       f1           support   
-0 (label_id: 0)                                          0.00       0.00       0.00          0
-1 (label_id: 1)                                        100.00     100.00     100.00        840
--------------------
-micro avg                                              100.00     100.00     100.00        840
-macro avg                                               50.00      50.00      50.00        840
-weighted avg                                           100.00     100.00     100.00        840
-
--------------------
-           0           1
-        0.00         0.00
-        0.00       840.00
--------------------
-
-[INFO] - Epoch 0, step 374: val_loss was not in top 3
-[INFO] - Punctuation report: 
-label                                                precision    recall       f1           support   
- (label_id: 0)                                          96.27      89.58      92.81      65996
-# (label_id: 1)                                         89.12      98.25      93.46       9576
-, (label_id: 2)                                         73.71      68.90      71.22      16835
-. (label_id: 3)                                         50.06      84.01      62.74       7224
-? (label_id: 4)                                          0.00       0.00       0.00        196
--------------------
-micro avg                                               86.35      86.35      86.35      99827
-macro avg                                               61.83      68.15      64.05      99827
-weighted avg                                            88.25      86.35      86.87      99827
-
--------------------
-                       #           ,           .           ?
-    59122.00        77.00      1771.00       434.00         7.00
-     1106.00      9408.00        42.00         0.00         0.00
-     3374.00        14.00     11599.00       721.00        28.00
-     2394.00        77.00      3423.00      6069.00       161.00
-        0.00         0.00         0.00         0.00         0.00
--------------------
-
-[INFO] - Domain report: 
-label                                                precision    recall       f1           support   
-0 (label_id: 0)                                          0.00       0.00       0.00          0
-1 (label_id: 1)                                        100.00     100.00     100.00        840
--------------------
-micro avg                                              100.00     100.00     100.00        840
-macro avg                                               50.00      50.00      50.00        840
-weighted avg                                           100.00     100.00     100.00        840
-
--------------------
-           0           1
-        0.00         0.00
-        0.00       840.00
--------------------
-
-[INFO] - Epoch 1, step 389: val_loss was not in top 3
-[INFO] - Punctuation report: 
-label                                                precision    recall       f1           support   
- (label_id: 0)                                          96.27      89.58      92.81      65996
-# (label_id: 1)                                         89.13      98.32      93.50       9576
-, (label_id: 2)                                         73.74      68.90      71.24      16835
-. (label_id: 3)                                         50.06      84.01      62.74       7224
-? (label_id: 4)                                          0.00       0.00       0.00        196
--------------------
-micro avg                                               86.35      86.35      86.35      99827
-macro avg                                               61.84      68.16      64.06      99827
-weighted avg                                            88.25      86.35      86.88      99827
-
--------------------
-                       #           ,           .           ?
-    59122.00        70.00      1771.00       441.00         7.00
-     1106.00      9415.00        42.00         0.00         0.00
-     3374.00        14.00     11599.00       714.00        28.00
-     2394.00        77.00      3423.00      6069.00       161.00
-        0.00         0.00         0.00         0.00         0.00
--------------------
-
-[INFO] - Domain report: 
-label                                                precision    recall       f1           support   
-0 (label_id: 0)                                          0.00       0.00       0.00          0
-1 (label_id: 1)                                        100.00     100.00     100.00        840
--------------------
-micro avg                                              100.00     100.00     100.00        840
-macro avg                                               50.00      50.00      50.00        840
-weighted avg                                           100.00     100.00     100.00        840
-
--------------------
-           0           1
-        0.00         0.00
-        0.00       840.00
--------------------
-
-[INFO] - Epoch 2, step 404: val_loss was not in top 3
